<?xml version="1.0" encoding="UTF-8"?>
<testsuites name="TORIS-523 Test Suite" time="135" tests="0" failures="1" errors="0">
   <testsuite name="TORIS-523 Test Suite" tests="0" failures="1" errors="0" time="135" timestamp="2018-12-18 10:48:17" hostname="Saa - Lebbie-PC" id="Test Suites/TORIS-523 Test Suite">
      <properties>
         <property name="deviceName" value=""/>
         <property name="devicePlatform" value=""/>
         <property name="logFolder" value="C:\\Users\\Saa\\Katalon Studio\\ShipView\\Reports\\TORIS-523 Test Suite\\20181218_104436"/>
         <property name="logFiles" value="C:\\Users\\Saa\\Katalon Studio\\ShipView\\Reports\\TORIS-523 Test Suite\\20181218_104436\\execution0.log, C:\\Users\\Saa\\Katalon Studio\\ShipView\\Reports\\TORIS-523 Test Suite\\20181218_104436\\IEDriverServer.log"/>
         <property name="attachments" value="C:\\Users\\Saa\\Katalon Studio\\ShipView\\Reports\\TORIS-523 Test Suite\\20181218_104436\\1545159032234.png"/>
         <property name="hostName" value="Saa - Lebbie-PC"/>
         <property name="os" value="Windows 10 64bit"/>
         <property name="katalonVersion" value="5.9.1.2"/>
         <property name="browser" value="IE 11"/>
         <property name="hostAddress" value="10.0.75.1"/>
         <property name="sessionId" value="ee86f91d-a368-47d7-83f5-9fe490c56eeb"/>
         <property name="seleniumVersion" value="3.7.1"/>
         <property name="proxyInformation" value="ProxyInformation{proxyOption=NO_PROXY, proxyServerType=HTTP, password=, proxyServerAddress=, proxyServerPort=0}"/>
         <property name="platform" value="Windows 10"/>
      </properties>
      <testcase name="Test Cases/TORIS-523 Test Ship View - FOM Dashboard export functionality Dev Team role" classname="Test Cases/TORIS-523 Test Ship View - FOM Dashboard export functionality Dev Team role" status="FAILED">
         <failure type="FAILED" message="Test Cases/TORIS-523 Test Ship View - FOM Dashboard export functionality Dev Team role FAILED.
Reason:
com.kms.katalon.core.exception.StepFailedException: Unable to click on object 'Object Repository/TORIS-525 Testing the FOM Dashboard Excel export functionality/Page_Ship View/span_ZEPHYR (PC 8)' (Root cause: com.kms.katalon.core.webui.exception.WebElementNotFoundException: Web element with id: 'Object Repository/TORIS-525 Testing the FOM Dashboard Excel export functionality/Page_Ship View/span_ZEPHYR (PC 8)' located by 'By.xpath: //mat-option[@id='mat-option-133']/span' not found)
	at com.kms.katalon.core.keyword.internal.KeywordMain.stepFailed(KeywordMain.groovy:36)
	at com.kms.katalon.core.webui.keyword.internal.WebUIKeywordMain.stepFailed(WebUIKeywordMain.groovy:65)
	at com.kms.katalon.core.webui.keyword.internal.WebUIKeywordMain.runKeyword(WebUIKeywordMain.groovy:27)
	at com.kms.katalon.core.webui.keyword.builtin.ClickKeyword.click(ClickKeyword.groovy:86)
	at com.kms.katalon.core.webui.keyword.builtin.ClickKeyword.execute(ClickKeyword.groovy:67)
	at com.kms.katalon.core.keyword.internal.KeywordExecutor.executeKeywordForPlatform(KeywordExecutor.groovy:53)
	at com.kms.katalon.core.webui.keyword.WebUiBuiltInKeywords.click(WebUiBuiltInKeywords.groovy:616)
	at com.kms.katalon.core.webui.keyword.WebUiBuiltInKeywords$click$1.call(Unknown Source)
	at TORIS-523 Test Ship View - FOM Dashboard export functionality Dev Team role.run(TORIS-523 Test Ship View - FOM Dashboard export functionality Dev Team role:54)
	at com.kms.katalon.core.main.ScriptEngine.run(ScriptEngine.java:194)
	at com.kms.katalon.core.main.ScriptEngine.runScriptAsRawText(ScriptEngine.java:119)
	at com.kms.katalon.core.main.TestCaseExecutor.runScript(TestCaseExecutor.java:321)
	at com.kms.katalon.core.main.TestCaseExecutor.doExecute(TestCaseExecutor.java:312)
	at com.kms.katalon.core.main.TestCaseExecutor.processExecutionPhase(TestCaseExecutor.java:291)
	at com.kms.katalon.core.main.TestCaseExecutor.accessMainPhase(TestCaseExecutor.java:283)
	at com.kms.katalon.core.main.TestCaseExecutor.execute(TestCaseExecutor.java:222)
	at com.kms.katalon.core.main.TestSuiteExecutor.accessTestCaseMainPhase(TestSuiteExecutor.java:129)
	at com.kms.katalon.core.main.TestSuiteExecutor.accessTestSuiteMainPhase(TestSuiteExecutor.java:112)
	at com.kms.katalon.core.main.TestSuiteExecutor.execute(TestSuiteExecutor.java:81)
	at com.kms.katalon.core.main.TestCaseMain.startTestSuite(TestCaseMain.java:149)
	at com.kms.katalon.core.main.TestCaseMain$startTestSuite$0.call(Unknown Source)
	at TempTestSuite1545158680607.run(TempTestSuite1545158680607.groovy:36)
"/>
         <system-out><![CDATA[2018-12-18 10:48:17 - [TEST_CASE][FAILED] - Test Cases/TORIS-523 Test Ship View - FOM Dashboard export functionality Dev Team role: Test Cases/TORIS-523 Test Ship View - FOM Dashboard export functionality Dev Team role FAILED.
Reason:
com.kms.katalon.core.exception.StepFailedException: Unable to click on object 'Object Repository/TORIS-525 Testing the FOM Dashboard Excel export functionality/Page_Ship View/span_ZEPHYR (PC 8)' (Root cause: com.kms.katalon.core.webui.exception.WebElementNotFoundException: Web element with id: 'Object Repository/TORIS-525 Testing the FOM Dashboard Excel export functionality/Page_Ship View/span_ZEPHYR (PC 8)' located by 'By.xpath: //mat-option[@id='mat-option-133']/span' not found)
	at com.kms.katalon.core.keyword.internal.KeywordMain.stepFailed(KeywordMain.groovy:36)
	at com.kms.katalon.core.webui.keyword.internal.WebUIKeywordMain.stepFailed(WebUIKeywordMain.groovy:65)
	at com.kms.katalon.core.webui.keyword.internal.WebUIKeywordMain.runKeyword(WebUIKeywordMain.groovy:27)
	at com.kms.katalon.core.webui.keyword.builtin.ClickKeyword.click(ClickKeyword.groovy:86)
	at com.kms.katalon.core.webui.keyword.builtin.ClickKeyword.execute(ClickKeyword.groovy:67)
	at com.kms.katalon.core.keyword.internal.KeywordExecutor.executeKeywordForPlatform(KeywordExecutor.groovy:53)
	at com.kms.katalon.core.webui.keyword.WebUiBuiltInKeywords.click(WebUiBuiltInKeywords.groovy:616)
	at com.kms.katalon.core.webui.keyword.WebUiBuiltInKeywords$click$1.call(Unknown Source)
	at TORIS-523 Test Ship View - FOM Dashboard export functionality Dev Team role.run(TORIS-523 Test Ship View - FOM Dashboard export functionality Dev Team role:54)
	at com.kms.katalon.core.main.ScriptEngine.run(ScriptEngine.java:194)
	at com.kms.katalon.core.main.ScriptEngine.runScriptAsRawText(ScriptEngine.java:119)
	at com.kms.katalon.core.main.TestCaseExecutor.runScript(TestCaseExecutor.java:321)
	at com.kms.katalon.core.main.TestCaseExecutor.doExecute(TestCaseExecutor.java:312)
	at com.kms.katalon.core.main.TestCaseExecutor.processExecutionPhase(TestCaseExecutor.java:291)
	at com.kms.katalon.core.main.TestCaseExecutor.accessMainPhase(TestCaseExecutor.java:283)
	at com.kms.katalon.core.main.TestCaseExecutor.execute(TestCaseExecutor.java:222)
	at com.kms.katalon.core.main.TestSuiteExecutor.accessTestCaseMainPhase(TestSuiteExecutor.java:129)
	at com.kms.katalon.core.main.TestSuiteExecutor.accessTestSuiteMainPhase(TestSuiteExecutor.java:112)
	at com.kms.katalon.core.main.TestSuiteExecutor.execute(TestSuiteExecutor.java:81)
	at com.kms.katalon.core.main.TestCaseMain.startTestSuite(TestCaseMain.java:149)
	at com.kms.katalon.core.main.TestCaseMain$startTestSuite$0.call(Unknown Source)
	at TempTestSuite1545158680607.run(TempTestSuite1545158680607.groovy:36)


2018-12-18 10:48:18 - [TEST_STEP][PASSED] - openBrowser(""): Browser is opened with url: ''

2018-12-18 10:48:18 - [MESSAGE][INFO] - Starting 'IE' driver

2018-12-18 10:48:18 - [MESSAGE][INFO] - Action delay is set to 0 seconds

2018-12-18 10:48:22 - [MESSAGE][PASSED] - Browser is opened with url: ''

2018-12-18 10:48:22 - [TEST_STEP][PASSED] - navigateToUrl("https://toris-demo.solute.us/Extranet/Default.aspx?MSG=100"): Navigate to 'https://toris-demo.solute.us/Extranet/Default.aspx?MSG=100' successfully

2018-12-18 10:48:24 - [MESSAGE][PASSED] - Navigate to 'https://toris-demo.solute.us/Extranet/Default.aspx?MSG=100' successfully

2018-12-18 10:48:24 - [TEST_STEP][PASSED] - click(findTestObject("Object Repository/TORIS-525 Testing the FOM Dashboard Excel export functionality/Page_ATG Extranet/input_You have logged outThank")): Object: 'Object Repository/TORIS-525 Testing the FOM Dashboard Excel export functionality/Page_ATG Extranet/input_You have logged outThank' is clicked on

2018-12-18 10:48:26 - [MESSAGE][PASSED] - Object: 'Object Repository/TORIS-525 Testing the FOM Dashboard Excel export functionality/Page_ATG Extranet/input_You have logged outThank' is clicked on

2018-12-18 10:48:26 - [TEST_STEP][PASSED] - setText(findTestObject("Object Repository/TORIS-525 Testing the FOM Dashboard Excel export functionality/Page_ATG Extranet/input_Username_ctl00cphtbx_use"), "Saa"): Text 'Saa' is set on object 'Object Repository/TORIS-525 Testing the FOM Dashboard Excel export functionality/Page_ATG Extranet/input_Username_ctl00cphtbx_use'

2018-12-18 10:48:27 - [MESSAGE][PASSED] - Text 'Saa' is set on object 'Object Repository/TORIS-525 Testing the FOM Dashboard Excel export functionality/Page_ATG Extranet/input_Username_ctl00cphtbx_use'

2018-12-18 10:48:27 - [TEST_STEP][PASSED] - setEncryptedText(findTestObject("Object Repository/TORIS-525 Testing the FOM Dashboard Excel export functionality/Page_ATG Extranet/input_Password_ctl00cphtbx_pas"), "0cU2R0tWEjl49ICU6OTr2A=="): Text ****** has been set on object 'Object Repository/TORIS-525 Testing the FOM Dashboard Excel export functionality/Page_ATG Extranet/input_Password_ctl00cphtbx_pas'

2018-12-18 10:48:27 - [MESSAGE][PASSED] - Text ****** has been set on object 'Object Repository/TORIS-525 Testing the FOM Dashboard Excel export functionality/Page_ATG Extranet/input_Password_ctl00cphtbx_pas'

2018-12-18 10:48:27 - [TEST_STEP][PASSED] - click(findTestObject("Object Repository/TORIS-525 Testing the FOM Dashboard Excel export functionality/Page_ATG Extranet/input_By entering the requeste")): Object: 'Object Repository/TORIS-525 Testing the FOM Dashboard Excel export functionality/Page_ATG Extranet/input_By entering the requeste' is clicked on

2018-12-18 10:48:30 - [MESSAGE][PASSED] - Object: 'Object Repository/TORIS-525 Testing the FOM Dashboard Excel export functionality/Page_ATG Extranet/input_By entering the requeste' is clicked on

2018-12-18 10:48:30 - [TEST_STEP][PASSED] - click(findTestObject("Object Repository/TORIS-525 Testing the FOM Dashboard Excel export functionality/Page_ATG Extranet/a_Ship View")): Object: 'Object Repository/TORIS-525 Testing the FOM Dashboard Excel export functionality/Page_ATG Extranet/a_Ship View' is clicked on

2018-12-18 10:48:33 - [MESSAGE][PASSED] - Object: 'Object Repository/TORIS-525 Testing the FOM Dashboard Excel export functionality/Page_ATG Extranet/a_Ship View' is clicked on

2018-12-18 10:48:33 - [TEST_STEP][PASSED] - click(findTestObject("Object Repository/TORIS-525 Testing the FOM Dashboard Excel export functionality/Page_Ship View/div_ESSEX (LHD 2)Ship")): Object: 'Object Repository/TORIS-525 Testing the FOM Dashboard Excel export functionality/Page_Ship View/div_ESSEX (LHD 2)Ship' is clicked on

2018-12-18 10:48:34 - [MESSAGE][PASSED] - Object: 'Object Repository/TORIS-525 Testing the FOM Dashboard Excel export functionality/Page_Ship View/div_ESSEX (LHD 2)Ship' is clicked on

2018-12-18 10:48:34 - [TEST_STEP][PASSED] - click(findTestObject("Object Repository/TORIS-525 Testing the FOM Dashboard Excel export functionality/Page_Ship View/span_ANZIO (CG 68)")): Object: 'Object Repository/TORIS-525 Testing the FOM Dashboard Excel export functionality/Page_Ship View/span_ANZIO (CG 68)' is clicked on

2018-12-18 10:48:36 - [MESSAGE][PASSED] - Object: 'Object Repository/TORIS-525 Testing the FOM Dashboard Excel export functionality/Page_Ship View/span_ANZIO (CG 68)' is clicked on

2018-12-18 10:48:36 - [TEST_STEP][PASSED] - delay(15): Delayed 15 second(s)

2018-12-18 10:48:51 - [MESSAGE][PASSED] - Delayed 15 second(s)

2018-12-18 10:48:51 - [TEST_STEP][PASSED] - click(findTestObject("Object Repository/TORIS-525 Testing the FOM Dashboard Excel export functionality/Page_Ship View/mat-icon_Ship_fa-lg mat-icon n")): Object: 'Object Repository/TORIS-525 Testing the FOM Dashboard Excel export functionality/Page_Ship View/mat-icon_Ship_fa-lg mat-icon n' is clicked on

2018-12-18 10:48:52 - [MESSAGE][PASSED] - Object: 'Object Repository/TORIS-525 Testing the FOM Dashboard Excel export functionality/Page_Ship View/mat-icon_Ship_fa-lg mat-icon n' is clicked on

2018-12-18 10:48:52 - [TEST_STEP][PASSED] - click(findTestObject("Object Repository/TORIS-525 Testing the FOM Dashboard Excel export functionality/Page_Ship View/div_ANZIO (CG 68)Ship")): Object: 'Object Repository/TORIS-525 Testing the FOM Dashboard Excel export functionality/Page_Ship View/div_ANZIO (CG 68)Ship' is clicked on

2018-12-18 10:48:54 - [MESSAGE][PASSED] - Object: 'Object Repository/TORIS-525 Testing the FOM Dashboard Excel export functionality/Page_Ship View/div_ANZIO (CG 68)Ship' is clicked on

2018-12-18 10:48:54 - [TEST_STEP][PASSED] - delay(15): Delayed 15 second(s)

2018-12-18 10:49:09 - [MESSAGE][PASSED] - Delayed 15 second(s)

2018-12-18 10:49:09 - [TEST_STEP][PASSED] - click(findTestObject("Object Repository/TORIS-525 Testing the FOM Dashboard Excel export functionality/Page_Ship View/span_MAHAN (DDG 72)")): Object: 'Object Repository/TORIS-525 Testing the FOM Dashboard Excel export functionality/Page_Ship View/span_MAHAN (DDG 72)' is clicked on

2018-12-18 10:49:10 - [MESSAGE][PASSED] - Object: 'Object Repository/TORIS-525 Testing the FOM Dashboard Excel export functionality/Page_Ship View/span_MAHAN (DDG 72)' is clicked on

2018-12-18 10:49:10 - [TEST_STEP][PASSED] - delay(15): Delayed 15 second(s)

2018-12-18 10:49:25 - [MESSAGE][PASSED] - Delayed 15 second(s)

2018-12-18 10:49:25 - [TEST_STEP][PASSED] - click(findTestObject("Object Repository/TORIS-525 Testing the FOM Dashboard Excel export functionality/Page_Ship View/mat-icon_Ship_fa-lg mat-icon n")): Object: 'Object Repository/TORIS-525 Testing the FOM Dashboard Excel export functionality/Page_Ship View/mat-icon_Ship_fa-lg mat-icon n' is clicked on

2018-12-18 10:49:26 - [MESSAGE][PASSED] - Object: 'Object Repository/TORIS-525 Testing the FOM Dashboard Excel export functionality/Page_Ship View/mat-icon_Ship_fa-lg mat-icon n' is clicked on

2018-12-18 10:49:26 - [TEST_STEP][PASSED] - delay(15): Delayed 15 second(s)

2018-12-18 10:49:41 - [MESSAGE][PASSED] - Delayed 15 second(s)

2018-12-18 10:49:41 - [TEST_STEP][PASSED] - click(findTestObject("Object Repository/TORIS-525 Testing the FOM Dashboard Excel export functionality/Page_Ship View/div_MAHAN (DDG 72)Ship")): Object: 'Object Repository/TORIS-525 Testing the FOM Dashboard Excel export functionality/Page_Ship View/div_MAHAN (DDG 72)Ship' is clicked on

2018-12-18 10:49:42 - [MESSAGE][PASSED] - Object: 'Object Repository/TORIS-525 Testing the FOM Dashboard Excel export functionality/Page_Ship View/div_MAHAN (DDG 72)Ship' is clicked on

2018-12-18 10:49:42 - [TEST_STEP][FAILED] - click(findTestObject("Object Repository/TORIS-525 Testing the FOM Dashboard Excel export functionality/Page_Ship View/span_ZEPHYR (PC 8)")): click(findTestObject("Object Repository/TORIS-525 Testing the FOM Dashboard Excel export functionality/Page_Ship View/span_ZEPHYR (PC 8)")) FAILED.
Reason:
com.kms.katalon.core.exception.StepFailedException: Unable to click on object 'Object Repository/TORIS-525 Testing the FOM Dashboard Excel export functionality/Page_Ship View/span_ZEPHYR (PC 8)' (Root cause: com.kms.katalon.core.webui.exception.WebElementNotFoundException: Web element with id: 'Object Repository/TORIS-525 Testing the FOM Dashboard Excel export functionality/Page_Ship View/span_ZEPHYR (PC 8)' located by 'By.xpath: //mat-option[@id='mat-option-133']/span' not found)
	at com.kms.katalon.core.keyword.internal.KeywordMain.stepFailed(KeywordMain.groovy:36)
	at com.kms.katalon.core.webui.keyword.internal.WebUIKeywordMain.stepFailed(WebUIKeywordMain.groovy:65)
	at com.kms.katalon.core.webui.keyword.internal.WebUIKeywordMain.runKeyword(WebUIKeywordMain.groovy:27)
	at com.kms.katalon.core.webui.keyword.builtin.ClickKeyword.click(ClickKeyword.groovy:86)
	at com.kms.katalon.core.webui.keyword.builtin.ClickKeyword.execute(ClickKeyword.groovy:67)
	at com.kms.katalon.core.keyword.internal.KeywordExecutor.executeKeywordForPlatform(KeywordExecutor.groovy:53)
	at com.kms.katalon.core.webui.keyword.WebUiBuiltInKeywords.click(WebUiBuiltInKeywords.groovy:616)
	at com.kms.katalon.core.webui.keyword.WebUiBuiltInKeywords$click$1.call(Unknown Source)
	at TORIS-523 Test Ship View - FOM Dashboard export functionality Dev Team role.run(TORIS-523 Test Ship View - FOM Dashboard export functionality Dev Team role:54)
	at com.kms.katalon.core.main.ScriptEngine.run(ScriptEngine.java:194)
	at com.kms.katalon.core.main.ScriptEngine.runScriptAsRawText(ScriptEngine.java:119)
	at com.kms.katalon.core.main.TestCaseExecutor.runScript(TestCaseExecutor.java:321)
	at com.kms.katalon.core.main.TestCaseExecutor.doExecute(TestCaseExecutor.java:312)
	at com.kms.katalon.core.main.TestCaseExecutor.processExecutionPhase(TestCaseExecutor.java:291)
	at com.kms.katalon.core.main.TestCaseExecutor.accessMainPhase(TestCaseExecutor.java:283)
	at com.kms.katalon.core.main.TestCaseExecutor.execute(TestCaseExecutor.java:222)
	at com.kms.katalon.core.main.TestSuiteExecutor.accessTestCaseMainPhase(TestSuiteExecutor.java:129)
	at com.kms.katalon.core.main.TestSuiteExecutor.accessTestSuiteMainPhase(TestSuiteExecutor.java:112)
	at com.kms.katalon.core.main.TestSuiteExecutor.execute(TestSuiteExecutor.java:81)
	at com.kms.katalon.core.main.TestCaseMain.startTestSuite(TestCaseMain.java:149)
	at com.kms.katalon.core.main.TestCaseMain$startTestSuite$0.call(Unknown Source)
	at TempTestSuite1545158680607.run(TempTestSuite1545158680607.groovy:36)


2018-12-18 10:50:32 - [MESSAGE][INFO] - Unable to find the element located by 'By.xpath: //mat-option[@id='mat-option-133']/span'. Please recheck the objects properties to make sure the desired element is located. 

2018-12-18 10:50:32 - [MESSAGE][FAILED] - Unable to click on object 'Object Repository/TORIS-525 Testing the FOM Dashboard Excel export functionality/Page_Ship View/span_ZEPHYR (PC 8)' (Root cause: com.kms.katalon.core.webui.exception.WebElementNotFoundException: Web element with id: 'Object Repository/TORIS-525 Testing the FOM Dashboard Excel export functionality/Page_Ship View/span_ZEPHYR (PC 8)' located by 'By.xpath: //mat-option[@id='mat-option-133']/span' not found)
[[ATTACHMENT|C:\\Users\\Saa\\Katalon Studio\\ShipView\\Reports\\TORIS-523 Test Suite\\20181218_104436\\1545159032234.png]]

2018-12-18 10:50:32 - [MESSAGE][FAILED] - click(findTestObject("Object Repository/TORIS-525 Testing the FOM Dashboard Excel export functionality/Page_Ship View/span_ZEPHYR (PC 8)")) FAILED.
Reason:
com.kms.katalon.core.exception.StepFailedException: Unable to click on object 'Object Repository/TORIS-525 Testing the FOM Dashboard Excel export functionality/Page_Ship View/span_ZEPHYR (PC 8)' (Root cause: com.kms.katalon.core.webui.exception.WebElementNotFoundException: Web element with id: 'Object Repository/TORIS-525 Testing the FOM Dashboard Excel export functionality/Page_Ship View/span_ZEPHYR (PC 8)' located by 'By.xpath: //mat-option[@id='mat-option-133']/span' not found)
	at com.kms.katalon.core.keyword.internal.KeywordMain.stepFailed(KeywordMain.groovy:36)
	at com.kms.katalon.core.webui.keyword.internal.WebUIKeywordMain.stepFailed(WebUIKeywordMain.groovy:65)
	at com.kms.katalon.core.webui.keyword.internal.WebUIKeywordMain.runKeyword(WebUIKeywordMain.groovy:27)
	at com.kms.katalon.core.webui.keyword.builtin.ClickKeyword.click(ClickKeyword.groovy:86)
	at com.kms.katalon.core.webui.keyword.builtin.ClickKeyword.execute(ClickKeyword.groovy:67)
	at com.kms.katalon.core.keyword.internal.KeywordExecutor.executeKeywordForPlatform(KeywordExecutor.groovy:53)
	at com.kms.katalon.core.webui.keyword.WebUiBuiltInKeywords.click(WebUiBuiltInKeywords.groovy:616)
	at com.kms.katalon.core.webui.keyword.WebUiBuiltInKeywords$click$1.call(Unknown Source)
	at TORIS-523 Test Ship View - FOM Dashboard export functionality Dev Team role.run(TORIS-523 Test Ship View - FOM Dashboard export functionality Dev Team role:54)
	at com.kms.katalon.core.main.ScriptEngine.run(ScriptEngine.java:194)
	at com.kms.katalon.core.main.ScriptEngine.runScriptAsRawText(ScriptEngine.java:119)
	at com.kms.katalon.core.main.TestCaseExecutor.runScript(TestCaseExecutor.java:321)
	at com.kms.katalon.core.main.TestCaseExecutor.doExecute(TestCaseExecutor.java:312)
	at com.kms.katalon.core.main.TestCaseExecutor.processExecutionPhase(TestCaseExecutor.java:291)
	at com.kms.katalon.core.main.TestCaseExecutor.accessMainPhase(TestCaseExecutor.java:283)
	at com.kms.katalon.core.main.TestCaseExecutor.execute(TestCaseExecutor.java:222)
	at com.kms.katalon.core.main.TestSuiteExecutor.accessTestCaseMainPhase(TestSuiteExecutor.java:129)
	at com.kms.katalon.core.main.TestSuiteExecutor.accessTestSuiteMainPhase(TestSuiteExecutor.java:112)
	at com.kms.katalon.core.main.TestSuiteExecutor.execute(TestSuiteExecutor.java:81)
	at com.kms.katalon.core.main.TestCaseMain.startTestSuite(TestCaseMain.java:149)
	at com.kms.katalon.core.main.TestCaseMain$startTestSuite$0.call(Unknown Source)
	at TempTestSuite1545158680607.run(TempTestSuite1545158680607.groovy:36)]]></system-out>
         <system-err><![CDATA[2018-12-18 10:48:17 - [TEST_CASE][FAILED] - Test Cases/TORIS-523 Test Ship View - FOM Dashboard export functionality Dev Team role: Test Cases/TORIS-523 Test Ship View - FOM Dashboard export functionality Dev Team role FAILED.
Reason:
com.kms.katalon.core.exception.StepFailedException: Unable to click on object 'Object Repository/TORIS-525 Testing the FOM Dashboard Excel export functionality/Page_Ship View/span_ZEPHYR (PC 8)' (Root cause: com.kms.katalon.core.webui.exception.WebElementNotFoundException: Web element with id: 'Object Repository/TORIS-525 Testing the FOM Dashboard Excel export functionality/Page_Ship View/span_ZEPHYR (PC 8)' located by 'By.xpath: //mat-option[@id='mat-option-133']/span' not found)
	at com.kms.katalon.core.keyword.internal.KeywordMain.stepFailed(KeywordMain.groovy:36)
	at com.kms.katalon.core.webui.keyword.internal.WebUIKeywordMain.stepFailed(WebUIKeywordMain.groovy:65)
	at com.kms.katalon.core.webui.keyword.internal.WebUIKeywordMain.runKeyword(WebUIKeywordMain.groovy:27)
	at com.kms.katalon.core.webui.keyword.builtin.ClickKeyword.click(ClickKeyword.groovy:86)
	at com.kms.katalon.core.webui.keyword.builtin.ClickKeyword.execute(ClickKeyword.groovy:67)
	at com.kms.katalon.core.keyword.internal.KeywordExecutor.executeKeywordForPlatform(KeywordExecutor.groovy:53)
	at com.kms.katalon.core.webui.keyword.WebUiBuiltInKeywords.click(WebUiBuiltInKeywords.groovy:616)
	at com.kms.katalon.core.webui.keyword.WebUiBuiltInKeywords$click$1.call(Unknown Source)
	at TORIS-523 Test Ship View - FOM Dashboard export functionality Dev Team role.run(TORIS-523 Test Ship View - FOM Dashboard export functionality Dev Team role:54)
	at com.kms.katalon.core.main.ScriptEngine.run(ScriptEngine.java:194)
	at com.kms.katalon.core.main.ScriptEngine.runScriptAsRawText(ScriptEngine.java:119)
	at com.kms.katalon.core.main.TestCaseExecutor.runScript(TestCaseExecutor.java:321)
	at com.kms.katalon.core.main.TestCaseExecutor.doExecute(TestCaseExecutor.java:312)
	at com.kms.katalon.core.main.TestCaseExecutor.processExecutionPhase(TestCaseExecutor.java:291)
	at com.kms.katalon.core.main.TestCaseExecutor.accessMainPhase(TestCaseExecutor.java:283)
	at com.kms.katalon.core.main.TestCaseExecutor.execute(TestCaseExecutor.java:222)
	at com.kms.katalon.core.main.TestSuiteExecutor.accessTestCaseMainPhase(TestSuiteExecutor.java:129)
	at com.kms.katalon.core.main.TestSuiteExecutor.accessTestSuiteMainPhase(TestSuiteExecutor.java:112)
	at com.kms.katalon.core.main.TestSuiteExecutor.execute(TestSuiteExecutor.java:81)
	at com.kms.katalon.core.main.TestCaseMain.startTestSuite(TestCaseMain.java:149)
	at com.kms.katalon.core.main.TestCaseMain$startTestSuite$0.call(Unknown Source)
	at TempTestSuite1545158680607.run(TempTestSuite1545158680607.groovy:36)]]></system-err>
      </testcase>
      <system-out><![CDATA[2018-12-18 10:48:17 - [TEST_SUITE][FAILED] - TORIS-523 Test Suite: Test Cases/TORIS-523 Test Ship View - FOM Dashboard export functionality Dev Team role FAILED.
Reason:
com.kms.katalon.core.exception.StepFailedException: Unable to click on object 'Object Repository/TORIS-525 Testing the FOM Dashboard Excel export functionality/Page_Ship View/span_ZEPHYR (PC 8)' (Root cause: com.kms.katalon.core.webui.exception.WebElementNotFoundException: Web element with id: 'Object Repository/TORIS-525 Testing the FOM Dashboard Excel export functionality/Page_Ship View/span_ZEPHYR (PC 8)' located by 'By.xpath: //mat-option[@id='mat-option-133']/span' not found)
	at com.kms.katalon.core.keyword.internal.KeywordMain.stepFailed(KeywordMain.groovy:36)
	at com.kms.katalon.core.webui.keyword.internal.WebUIKeywordMain.stepFailed(WebUIKeywordMain.groovy:65)
	at com.kms.katalon.core.webui.keyword.internal.WebUIKeywordMain.runKeyword(WebUIKeywordMain.groovy:27)
	at com.kms.katalon.core.webui.keyword.builtin.ClickKeyword.click(ClickKeyword.groovy:86)
	at com.kms.katalon.core.webui.keyword.builtin.ClickKeyword.execute(ClickKeyword.groovy:67)
	at com.kms.katalon.core.keyword.internal.KeywordExecutor.executeKeywordForPlatform(KeywordExecutor.groovy:53)
	at com.kms.katalon.core.webui.keyword.WebUiBuiltInKeywords.click(WebUiBuiltInKeywords.groovy:616)
	at com.kms.katalon.core.webui.keyword.WebUiBuiltInKeywords$click$1.call(Unknown Source)
	at TORIS-523 Test Ship View - FOM Dashboard export functionality Dev Team role.run(TORIS-523 Test Ship View - FOM Dashboard export functionality Dev Team role:54)
	at com.kms.katalon.core.main.ScriptEngine.run(ScriptEngine.java:194)
	at com.kms.katalon.core.main.ScriptEngine.runScriptAsRawText(ScriptEngine.java:119)
	at com.kms.katalon.core.main.TestCaseExecutor.runScript(TestCaseExecutor.java:321)
	at com.kms.katalon.core.main.TestCaseExecutor.doExecute(TestCaseExecutor.java:312)
	at com.kms.katalon.core.main.TestCaseExecutor.processExecutionPhase(TestCaseExecutor.java:291)
	at com.kms.katalon.core.main.TestCaseExecutor.accessMainPhase(TestCaseExecutor.java:283)
	at com.kms.katalon.core.main.TestCaseExecutor.execute(TestCaseExecutor.java:222)
	at com.kms.katalon.core.main.TestSuiteExecutor.accessTestCaseMainPhase(TestSuiteExecutor.java:129)
	at com.kms.katalon.core.main.TestSuiteExecutor.accessTestSuiteMainPhase(TestSuiteExecutor.java:112)
	at com.kms.katalon.core.main.TestSuiteExecutor.execute(TestSuiteExecutor.java:81)
	at com.kms.katalon.core.main.TestCaseMain.startTestSuite(TestCaseMain.java:149)
	at com.kms.katalon.core.main.TestCaseMain$startTestSuite$0.call(Unknown Source)
	at TempTestSuite1545158680607.run(TempTestSuite1545158680607.groovy:36)]]></system-out>
      <system-err><![CDATA[2018-12-18 10:48:17 - [TEST_SUITE][FAILED] - TORIS-523 Test Suite: Test Cases/TORIS-523 Test Ship View - FOM Dashboard export functionality Dev Team role FAILED.
Reason:
com.kms.katalon.core.exception.StepFailedException: Unable to click on object 'Object Repository/TORIS-525 Testing the FOM Dashboard Excel export functionality/Page_Ship View/span_ZEPHYR (PC 8)' (Root cause: com.kms.katalon.core.webui.exception.WebElementNotFoundException: Web element with id: 'Object Repository/TORIS-525 Testing the FOM Dashboard Excel export functionality/Page_Ship View/span_ZEPHYR (PC 8)' located by 'By.xpath: //mat-option[@id='mat-option-133']/span' not found)
	at com.kms.katalon.core.keyword.internal.KeywordMain.stepFailed(KeywordMain.groovy:36)
	at com.kms.katalon.core.webui.keyword.internal.WebUIKeywordMain.stepFailed(WebUIKeywordMain.groovy:65)
	at com.kms.katalon.core.webui.keyword.internal.WebUIKeywordMain.runKeyword(WebUIKeywordMain.groovy:27)
	at com.kms.katalon.core.webui.keyword.builtin.ClickKeyword.click(ClickKeyword.groovy:86)
	at com.kms.katalon.core.webui.keyword.builtin.ClickKeyword.execute(ClickKeyword.groovy:67)
	at com.kms.katalon.core.keyword.internal.KeywordExecutor.executeKeywordForPlatform(KeywordExecutor.groovy:53)
	at com.kms.katalon.core.webui.keyword.WebUiBuiltInKeywords.click(WebUiBuiltInKeywords.groovy:616)
	at com.kms.katalon.core.webui.keyword.WebUiBuiltInKeywords$click$1.call(Unknown Source)
	at TORIS-523 Test Ship View - FOM Dashboard export functionality Dev Team role.run(TORIS-523 Test Ship View - FOM Dashboard export functionality Dev Team role:54)
	at com.kms.katalon.core.main.ScriptEngine.run(ScriptEngine.java:194)
	at com.kms.katalon.core.main.ScriptEngine.runScriptAsRawText(ScriptEngine.java:119)
	at com.kms.katalon.core.main.TestCaseExecutor.runScript(TestCaseExecutor.java:321)
	at com.kms.katalon.core.main.TestCaseExecutor.doExecute(TestCaseExecutor.java:312)
	at com.kms.katalon.core.main.TestCaseExecutor.processExecutionPhase(TestCaseExecutor.java:291)
	at com.kms.katalon.core.main.TestCaseExecutor.accessMainPhase(TestCaseExecutor.java:283)
	at com.kms.katalon.core.main.TestCaseExecutor.execute(TestCaseExecutor.java:222)
	at com.kms.katalon.core.main.TestSuiteExecutor.accessTestCaseMainPhase(TestSuiteExecutor.java:129)
	at com.kms.katalon.core.main.TestSuiteExecutor.accessTestSuiteMainPhase(TestSuiteExecutor.java:112)
	at com.kms.katalon.core.main.TestSuiteExecutor.execute(TestSuiteExecutor.java:81)
	at com.kms.katalon.core.main.TestCaseMain.startTestSuite(TestCaseMain.java:149)
	at com.kms.katalon.core.main.TestCaseMain$startTestSuite$0.call(Unknown Source)
	at TempTestSuite1545158680607.run(TempTestSuite1545158680607.groovy:36)]]></system-err>
   </testsuite>
</testsuites>
