<?xml version="1.0" encoding="UTF-8"?>
<testsuites name="TORIS-523 Test Suite" time="48" tests="0" failures="1" errors="0">
   <testsuite name="TORIS-523 Test Suite" tests="0" failures="1" errors="0" time="48" timestamp="2018-12-17 09:31:38" hostname="Saa - Lebbie-PC" id="Test Suites/TORIS-523 Test Suite">
      <properties>
         <property name="deviceName" value=""/>
         <property name="devicePlatform" value=""/>
         <property name="logFolder" value="C:\\Users\\Saa\\Katalon Studio\\ShipView\\Reports\\TORIS-523 Test Suite\\20181217_093132"/>
         <property name="logFiles" value="C:\\Users\\Saa\\Katalon Studio\\ShipView\\Reports\\TORIS-523 Test Suite\\20181217_093132\\execution0.log"/>
         <property name="attachments" value="C:\\Users\\Saa\\Katalon Studio\\ShipView\\Reports\\TORIS-523 Test Suite\\20181217_093132\\1545067945075.png"/>
         <property name="hostName" value="Saa - Lebbie-PC"/>
         <property name="os" value="Windows 10 64bit"/>
         <property name="katalonVersion" value="5.9.1.2"/>
         <property name="browser" value="Chrome 71.0.3578.98"/>
         <property name="hostAddress" value="10.0.75.1"/>
         <property name="sessionId" value="286ac7f7cf10e9b9b8e3a35bf16d4f96"/>
         <property name="seleniumVersion" value="3.7.1"/>
         <property name="proxyInformation" value="ProxyInformation{proxyOption=NO_PROXY, proxyServerType=HTTP, password=, proxyServerAddress=, proxyServerPort=0}"/>
         <property name="platform" value="Windows 10"/>
      </properties>
      <testcase name="Test Cases/TORIS-523 Test Ship View - Google Chrome - FOM Dashboard export functionality Dev Team role" classname="Test Cases/TORIS-523 Test Ship View - Google Chrome - FOM Dashboard export functionality Dev Team role" status="FAILED">
         <failure type="FAILED" message="Test Cases/TORIS-523 Test Ship View - Google Chrome - FOM Dashboard export functionality Dev Team role FAILED.
Reason:
com.kms.katalon.core.exception.StepFailedException: Unable to click on object 'Object Repository/TORIS-523 Test Ship View - Google Chrome - FOM Dashboard export functionality Dev Team role/Page_Ship View/span_ANZIO (CG 68)' (Root cause: com.kms.katalon.core.webui.exception.WebElementNotFoundException: Web element with id: 'Object Repository/TORIS-523 Test Ship View - Google Chrome - FOM Dashboard export functionality Dev Team role/Page_Ship View/span_ANZIO (CG 68)' located by 'By.xpath: //span[(text() = 'ANZIO (CG 68)' or . = 'ANZIO (CG 68)')]' not found)
	at com.kms.katalon.core.keyword.internal.KeywordMain.stepFailed(KeywordMain.groovy:36)
	at com.kms.katalon.core.webui.keyword.internal.WebUIKeywordMain.stepFailed(WebUIKeywordMain.groovy:65)
	at com.kms.katalon.core.webui.keyword.internal.WebUIKeywordMain.runKeyword(WebUIKeywordMain.groovy:27)
	at com.kms.katalon.core.webui.keyword.builtin.ClickKeyword.click(ClickKeyword.groovy:86)
	at com.kms.katalon.core.webui.keyword.builtin.ClickKeyword.execute(ClickKeyword.groovy:67)
	at com.kms.katalon.core.keyword.internal.KeywordExecutor.executeKeywordForPlatform(KeywordExecutor.groovy:53)
	at com.kms.katalon.core.webui.keyword.WebUiBuiltInKeywords.click(WebUiBuiltInKeywords.groovy:616)
	at com.kms.katalon.core.webui.keyword.WebUiBuiltInKeywords$click$1.call(Unknown Source)
	at TORIS-523 Test Ship View - Google Chrome - FOM Dashboard export functionality Dev Team role.run(TORIS-523 Test Ship View - Google Chrome - FOM Dashboard export functionality Dev Team role:34)
	at com.kms.katalon.core.main.ScriptEngine.run(ScriptEngine.java:194)
	at com.kms.katalon.core.main.ScriptEngine.runScriptAsRawText(ScriptEngine.java:119)
	at com.kms.katalon.core.main.TestCaseExecutor.runScript(TestCaseExecutor.java:321)
	at com.kms.katalon.core.main.TestCaseExecutor.doExecute(TestCaseExecutor.java:312)
	at com.kms.katalon.core.main.TestCaseExecutor.processExecutionPhase(TestCaseExecutor.java:291)
	at com.kms.katalon.core.main.TestCaseExecutor.accessMainPhase(TestCaseExecutor.java:283)
	at com.kms.katalon.core.main.TestCaseExecutor.execute(TestCaseExecutor.java:222)
	at com.kms.katalon.core.main.TestSuiteExecutor.accessTestCaseMainPhase(TestSuiteExecutor.java:129)
	at com.kms.katalon.core.main.TestSuiteExecutor.accessTestSuiteMainPhase(TestSuiteExecutor.java:112)
	at com.kms.katalon.core.main.TestSuiteExecutor.execute(TestSuiteExecutor.java:81)
	at com.kms.katalon.core.main.TestCaseMain.startTestSuite(TestCaseMain.java:149)
	at com.kms.katalon.core.main.TestCaseMain$startTestSuite$0.call(Unknown Source)
	at TempTestSuite1545067892047.run(TempTestSuite1545067892047.groovy:36)
"/>
         <system-out><![CDATA[2018-12-17 09:31:38 - [TEST_CASE][FAILED] - Test Cases/TORIS-523 Test Ship View - Google Chrome - FOM Dashboard export functionality Dev Team role: Test Cases/TORIS-523 Test Ship View - Google Chrome - FOM Dashboard export functionality Dev Team role FAILED.
Reason:
com.kms.katalon.core.exception.StepFailedException: Unable to click on object 'Object Repository/TORIS-523 Test Ship View - Google Chrome - FOM Dashboard export functionality Dev Team role/Page_Ship View/span_ANZIO (CG 68)' (Root cause: com.kms.katalon.core.webui.exception.WebElementNotFoundException: Web element with id: 'Object Repository/TORIS-523 Test Ship View - Google Chrome - FOM Dashboard export functionality Dev Team role/Page_Ship View/span_ANZIO (CG 68)' located by 'By.xpath: //span[(text() = 'ANZIO (CG 68)' or . = 'ANZIO (CG 68)')]' not found)
	at com.kms.katalon.core.keyword.internal.KeywordMain.stepFailed(KeywordMain.groovy:36)
	at com.kms.katalon.core.webui.keyword.internal.WebUIKeywordMain.stepFailed(WebUIKeywordMain.groovy:65)
	at com.kms.katalon.core.webui.keyword.internal.WebUIKeywordMain.runKeyword(WebUIKeywordMain.groovy:27)
	at com.kms.katalon.core.webui.keyword.builtin.ClickKeyword.click(ClickKeyword.groovy:86)
	at com.kms.katalon.core.webui.keyword.builtin.ClickKeyword.execute(ClickKeyword.groovy:67)
	at com.kms.katalon.core.keyword.internal.KeywordExecutor.executeKeywordForPlatform(KeywordExecutor.groovy:53)
	at com.kms.katalon.core.webui.keyword.WebUiBuiltInKeywords.click(WebUiBuiltInKeywords.groovy:616)
	at com.kms.katalon.core.webui.keyword.WebUiBuiltInKeywords$click$1.call(Unknown Source)
	at TORIS-523 Test Ship View - Google Chrome - FOM Dashboard export functionality Dev Team role.run(TORIS-523 Test Ship View - Google Chrome - FOM Dashboard export functionality Dev Team role:34)
	at com.kms.katalon.core.main.ScriptEngine.run(ScriptEngine.java:194)
	at com.kms.katalon.core.main.ScriptEngine.runScriptAsRawText(ScriptEngine.java:119)
	at com.kms.katalon.core.main.TestCaseExecutor.runScript(TestCaseExecutor.java:321)
	at com.kms.katalon.core.main.TestCaseExecutor.doExecute(TestCaseExecutor.java:312)
	at com.kms.katalon.core.main.TestCaseExecutor.processExecutionPhase(TestCaseExecutor.java:291)
	at com.kms.katalon.core.main.TestCaseExecutor.accessMainPhase(TestCaseExecutor.java:283)
	at com.kms.katalon.core.main.TestCaseExecutor.execute(TestCaseExecutor.java:222)
	at com.kms.katalon.core.main.TestSuiteExecutor.accessTestCaseMainPhase(TestSuiteExecutor.java:129)
	at com.kms.katalon.core.main.TestSuiteExecutor.accessTestSuiteMainPhase(TestSuiteExecutor.java:112)
	at com.kms.katalon.core.main.TestSuiteExecutor.execute(TestSuiteExecutor.java:81)
	at com.kms.katalon.core.main.TestCaseMain.startTestSuite(TestCaseMain.java:149)
	at com.kms.katalon.core.main.TestCaseMain$startTestSuite$0.call(Unknown Source)
	at TempTestSuite1545067892047.run(TempTestSuite1545067892047.groovy:36)


2018-12-17 09:31:38 - [TEST_STEP][PASSED] - openBrowser(""): Browser is opened with url: ''

2018-12-17 09:31:39 - [MESSAGE][INFO] - Starting 'Chrome' driver

2018-12-17 09:31:39 - [MESSAGE][INFO] - Action delay is set to 0 seconds

2018-12-17 09:31:43 - [MESSAGE][PASSED] - Browser is opened with url: ''

2018-12-17 09:31:43 - [TEST_STEP][PASSED] - navigateToUrl("https://toris-demo.solute.us/Extranet/Default.aspx?MSG=100"): Navigate to 'https://toris-demo.solute.us/Extranet/Default.aspx?MSG=100' successfully

2018-12-17 09:31:45 - [MESSAGE][PASSED] - Navigate to 'https://toris-demo.solute.us/Extranet/Default.aspx?MSG=100' successfully

2018-12-17 09:31:45 - [TEST_STEP][PASSED] - click(findTestObject("Object Repository/TORIS-523 Test Ship View - Google Chrome - FOM Dashboard export functionality Dev Team role/Page_ATG Extranet/input_You have logged outThank")): Object: 'Object Repository/TORIS-523 Test Ship View - Google Chrome - FOM Dashboard export functionality Dev Team role/Page_ATG Extranet/input_You have logged outThank' is clicked on

2018-12-17 09:31:47 - [MESSAGE][PASSED] - Object: 'Object Repository/TORIS-523 Test Ship View - Google Chrome - FOM Dashboard export functionality Dev Team role/Page_ATG Extranet/input_You have logged outThank' is clicked on

2018-12-17 09:31:47 - [TEST_STEP][PASSED] - setText(findTestObject("Object Repository/TORIS-523 Test Ship View - Google Chrome - FOM Dashboard export functionality Dev Team role/Page_ATG Extranet/input_Username_ctl00cphtbx_use"), "Saa"): Text 'Saa' is set on object 'Object Repository/TORIS-523 Test Ship View - Google Chrome - FOM Dashboard export functionality Dev Team role/Page_ATG Extranet/input_Username_ctl00cphtbx_use'

2018-12-17 09:31:47 - [MESSAGE][PASSED] - Text 'Saa' is set on object 'Object Repository/TORIS-523 Test Ship View - Google Chrome - FOM Dashboard export functionality Dev Team role/Page_ATG Extranet/input_Username_ctl00cphtbx_use'

2018-12-17 09:31:47 - [TEST_STEP][PASSED] - setEncryptedText(findTestObject("Object Repository/TORIS-523 Test Ship View - Google Chrome - FOM Dashboard export functionality Dev Team role/Page_ATG Extranet/input_Password_ctl00cphtbx_pas"), "0cU2R0tWEjl49ICU6OTr2A=="): Text ****** has been set on object 'Object Repository/TORIS-523 Test Ship View - Google Chrome - FOM Dashboard export functionality Dev Team role/Page_ATG Extranet/input_Password_ctl00cphtbx_pas'

2018-12-17 09:31:47 - [MESSAGE][PASSED] - Text ****** has been set on object 'Object Repository/TORIS-523 Test Ship View - Google Chrome - FOM Dashboard export functionality Dev Team role/Page_ATG Extranet/input_Password_ctl00cphtbx_pas'

2018-12-17 09:31:47 - [TEST_STEP][PASSED] - click(findTestObject("Object Repository/TORIS-523 Test Ship View - Google Chrome - FOM Dashboard export functionality Dev Team role/Page_ATG Extranet/input_By entering the requeste")): Object: 'Object Repository/TORIS-523 Test Ship View - Google Chrome - FOM Dashboard export functionality Dev Team role/Page_ATG Extranet/input_By entering the requeste' is clicked on

2018-12-17 09:31:50 - [MESSAGE][PASSED] - Object: 'Object Repository/TORIS-523 Test Ship View - Google Chrome - FOM Dashboard export functionality Dev Team role/Page_ATG Extranet/input_By entering the requeste' is clicked on

2018-12-17 09:31:50 - [TEST_STEP][PASSED] - click(findTestObject("Object Repository/TORIS-523 Test Ship View - Google Chrome - FOM Dashboard export functionality Dev Team role/Page_ATG Extranet/a_Ship View")): Object: 'Object Repository/TORIS-523 Test Ship View - Google Chrome - FOM Dashboard export functionality Dev Team role/Page_ATG Extranet/a_Ship View' is clicked on

2018-12-17 09:31:51 - [MESSAGE][PASSED] - Object: 'Object Repository/TORIS-523 Test Ship View - Google Chrome - FOM Dashboard export functionality Dev Team role/Page_ATG Extranet/a_Ship View' is clicked on

2018-12-17 09:31:51 - [TEST_STEP][PASSED] - click(findTestObject("Object Repository/TORIS-523 Test Ship View - Google Chrome - FOM Dashboard export functionality Dev Team role/Page_Ship View/div_ESSEX (LHD 2)Ship")): Object: 'Object Repository/TORIS-523 Test Ship View - Google Chrome - FOM Dashboard export functionality Dev Team role/Page_Ship View/div_ESSEX (LHD 2)Ship' is clicked on

2018-12-17 09:31:53 - [MESSAGE][PASSED] - Object: 'Object Repository/TORIS-523 Test Ship View - Google Chrome - FOM Dashboard export functionality Dev Team role/Page_Ship View/div_ESSEX (LHD 2)Ship' is clicked on

2018-12-17 09:31:53 - [TEST_STEP][FAILED] - click(findTestObject("Object Repository/TORIS-523 Test Ship View - Google Chrome - FOM Dashboard export functionality Dev Team role/Page_Ship View/span_ANZIO (CG 68)")): click(findTestObject("Object Repository/TORIS-523 Test Ship View - Google Chrome - FOM Dashboard export functionality Dev Team role/Page_Ship View/span_ANZIO (CG 68)")) FAILED.
Reason:
com.kms.katalon.core.exception.StepFailedException: Unable to click on object 'Object Repository/TORIS-523 Test Ship View - Google Chrome - FOM Dashboard export functionality Dev Team role/Page_Ship View/span_ANZIO (CG 68)' (Root cause: com.kms.katalon.core.webui.exception.WebElementNotFoundException: Web element with id: 'Object Repository/TORIS-523 Test Ship View - Google Chrome - FOM Dashboard export functionality Dev Team role/Page_Ship View/span_ANZIO (CG 68)' located by 'By.xpath: //span[(text() = 'ANZIO (CG 68)' or . = 'ANZIO (CG 68)')]' not found)
	at com.kms.katalon.core.keyword.internal.KeywordMain.stepFailed(KeywordMain.groovy:36)
	at com.kms.katalon.core.webui.keyword.internal.WebUIKeywordMain.stepFailed(WebUIKeywordMain.groovy:65)
	at com.kms.katalon.core.webui.keyword.internal.WebUIKeywordMain.runKeyword(WebUIKeywordMain.groovy:27)
	at com.kms.katalon.core.webui.keyword.builtin.ClickKeyword.click(ClickKeyword.groovy:86)
	at com.kms.katalon.core.webui.keyword.builtin.ClickKeyword.execute(ClickKeyword.groovy:67)
	at com.kms.katalon.core.keyword.internal.KeywordExecutor.executeKeywordForPlatform(KeywordExecutor.groovy:53)
	at com.kms.katalon.core.webui.keyword.WebUiBuiltInKeywords.click(WebUiBuiltInKeywords.groovy:616)
	at com.kms.katalon.core.webui.keyword.WebUiBuiltInKeywords$click$1.call(Unknown Source)
	at TORIS-523 Test Ship View - Google Chrome - FOM Dashboard export functionality Dev Team role.run(TORIS-523 Test Ship View - Google Chrome - FOM Dashboard export functionality Dev Team role:34)
	at com.kms.katalon.core.main.ScriptEngine.run(ScriptEngine.java:194)
	at com.kms.katalon.core.main.ScriptEngine.runScriptAsRawText(ScriptEngine.java:119)
	at com.kms.katalon.core.main.TestCaseExecutor.runScript(TestCaseExecutor.java:321)
	at com.kms.katalon.core.main.TestCaseExecutor.doExecute(TestCaseExecutor.java:312)
	at com.kms.katalon.core.main.TestCaseExecutor.processExecutionPhase(TestCaseExecutor.java:291)
	at com.kms.katalon.core.main.TestCaseExecutor.accessMainPhase(TestCaseExecutor.java:283)
	at com.kms.katalon.core.main.TestCaseExecutor.execute(TestCaseExecutor.java:222)
	at com.kms.katalon.core.main.TestSuiteExecutor.accessTestCaseMainPhase(TestSuiteExecutor.java:129)
	at com.kms.katalon.core.main.TestSuiteExecutor.accessTestSuiteMainPhase(TestSuiteExecutor.java:112)
	at com.kms.katalon.core.main.TestSuiteExecutor.execute(TestSuiteExecutor.java:81)
	at com.kms.katalon.core.main.TestCaseMain.startTestSuite(TestCaseMain.java:149)
	at com.kms.katalon.core.main.TestCaseMain$startTestSuite$0.call(Unknown Source)
	at TempTestSuite1545067892047.run(TempTestSuite1545067892047.groovy:36)


2018-12-17 09:32:25 - [MESSAGE][INFO] - Unable to find the element located by 'By.xpath: //span[(text() = 'ANZIO (CG 68)' or . = 'ANZIO (CG 68)')]'. Please recheck the objects properties to make sure the desired element is located. 

2018-12-17 09:32:25 - [MESSAGE][FAILED] - Unable to click on object 'Object Repository/TORIS-523 Test Ship View - Google Chrome - FOM Dashboard export functionality Dev Team role/Page_Ship View/span_ANZIO (CG 68)' (Root cause: com.kms.katalon.core.webui.exception.WebElementNotFoundException: Web element with id: 'Object Repository/TORIS-523 Test Ship View - Google Chrome - FOM Dashboard export functionality Dev Team role/Page_Ship View/span_ANZIO (CG 68)' located by 'By.xpath: //span[(text() = 'ANZIO (CG 68)' or . = 'ANZIO (CG 68)')]' not found)
[[ATTACHMENT|C:\\Users\\Saa\\Katalon Studio\\ShipView\\Reports\\TORIS-523 Test Suite\\20181217_093132\\1545067945075.png]]

2018-12-17 09:32:25 - [MESSAGE][FAILED] - click(findTestObject("Object Repository/TORIS-523 Test Ship View - Google Chrome - FOM Dashboard export functionality Dev Team role/Page_Ship View/span_ANZIO (CG 68)")) FAILED.
Reason:
com.kms.katalon.core.exception.StepFailedException: Unable to click on object 'Object Repository/TORIS-523 Test Ship View - Google Chrome - FOM Dashboard export functionality Dev Team role/Page_Ship View/span_ANZIO (CG 68)' (Root cause: com.kms.katalon.core.webui.exception.WebElementNotFoundException: Web element with id: 'Object Repository/TORIS-523 Test Ship View - Google Chrome - FOM Dashboard export functionality Dev Team role/Page_Ship View/span_ANZIO (CG 68)' located by 'By.xpath: //span[(text() = 'ANZIO (CG 68)' or . = 'ANZIO (CG 68)')]' not found)
	at com.kms.katalon.core.keyword.internal.KeywordMain.stepFailed(KeywordMain.groovy:36)
	at com.kms.katalon.core.webui.keyword.internal.WebUIKeywordMain.stepFailed(WebUIKeywordMain.groovy:65)
	at com.kms.katalon.core.webui.keyword.internal.WebUIKeywordMain.runKeyword(WebUIKeywordMain.groovy:27)
	at com.kms.katalon.core.webui.keyword.builtin.ClickKeyword.click(ClickKeyword.groovy:86)
	at com.kms.katalon.core.webui.keyword.builtin.ClickKeyword.execute(ClickKeyword.groovy:67)
	at com.kms.katalon.core.keyword.internal.KeywordExecutor.executeKeywordForPlatform(KeywordExecutor.groovy:53)
	at com.kms.katalon.core.webui.keyword.WebUiBuiltInKeywords.click(WebUiBuiltInKeywords.groovy:616)
	at com.kms.katalon.core.webui.keyword.WebUiBuiltInKeywords$click$1.call(Unknown Source)
	at TORIS-523 Test Ship View - Google Chrome - FOM Dashboard export functionality Dev Team role.run(TORIS-523 Test Ship View - Google Chrome - FOM Dashboard export functionality Dev Team role:34)
	at com.kms.katalon.core.main.ScriptEngine.run(ScriptEngine.java:194)
	at com.kms.katalon.core.main.ScriptEngine.runScriptAsRawText(ScriptEngine.java:119)
	at com.kms.katalon.core.main.TestCaseExecutor.runScript(TestCaseExecutor.java:321)
	at com.kms.katalon.core.main.TestCaseExecutor.doExecute(TestCaseExecutor.java:312)
	at com.kms.katalon.core.main.TestCaseExecutor.processExecutionPhase(TestCaseExecutor.java:291)
	at com.kms.katalon.core.main.TestCaseExecutor.accessMainPhase(TestCaseExecutor.java:283)
	at com.kms.katalon.core.main.TestCaseExecutor.execute(TestCaseExecutor.java:222)
	at com.kms.katalon.core.main.TestSuiteExecutor.accessTestCaseMainPhase(TestSuiteExecutor.java:129)
	at com.kms.katalon.core.main.TestSuiteExecutor.accessTestSuiteMainPhase(TestSuiteExecutor.java:112)
	at com.kms.katalon.core.main.TestSuiteExecutor.execute(TestSuiteExecutor.java:81)
	at com.kms.katalon.core.main.TestCaseMain.startTestSuite(TestCaseMain.java:149)
	at com.kms.katalon.core.main.TestCaseMain$startTestSuite$0.call(Unknown Source)
	at TempTestSuite1545067892047.run(TempTestSuite1545067892047.groovy:36)]]></system-out>
         <system-err><![CDATA[2018-12-17 09:31:38 - [TEST_CASE][FAILED] - Test Cases/TORIS-523 Test Ship View - Google Chrome - FOM Dashboard export functionality Dev Team role: Test Cases/TORIS-523 Test Ship View - Google Chrome - FOM Dashboard export functionality Dev Team role FAILED.
Reason:
com.kms.katalon.core.exception.StepFailedException: Unable to click on object 'Object Repository/TORIS-523 Test Ship View - Google Chrome - FOM Dashboard export functionality Dev Team role/Page_Ship View/span_ANZIO (CG 68)' (Root cause: com.kms.katalon.core.webui.exception.WebElementNotFoundException: Web element with id: 'Object Repository/TORIS-523 Test Ship View - Google Chrome - FOM Dashboard export functionality Dev Team role/Page_Ship View/span_ANZIO (CG 68)' located by 'By.xpath: //span[(text() = 'ANZIO (CG 68)' or . = 'ANZIO (CG 68)')]' not found)
	at com.kms.katalon.core.keyword.internal.KeywordMain.stepFailed(KeywordMain.groovy:36)
	at com.kms.katalon.core.webui.keyword.internal.WebUIKeywordMain.stepFailed(WebUIKeywordMain.groovy:65)
	at com.kms.katalon.core.webui.keyword.internal.WebUIKeywordMain.runKeyword(WebUIKeywordMain.groovy:27)
	at com.kms.katalon.core.webui.keyword.builtin.ClickKeyword.click(ClickKeyword.groovy:86)
	at com.kms.katalon.core.webui.keyword.builtin.ClickKeyword.execute(ClickKeyword.groovy:67)
	at com.kms.katalon.core.keyword.internal.KeywordExecutor.executeKeywordForPlatform(KeywordExecutor.groovy:53)
	at com.kms.katalon.core.webui.keyword.WebUiBuiltInKeywords.click(WebUiBuiltInKeywords.groovy:616)
	at com.kms.katalon.core.webui.keyword.WebUiBuiltInKeywords$click$1.call(Unknown Source)
	at TORIS-523 Test Ship View - Google Chrome - FOM Dashboard export functionality Dev Team role.run(TORIS-523 Test Ship View - Google Chrome - FOM Dashboard export functionality Dev Team role:34)
	at com.kms.katalon.core.main.ScriptEngine.run(ScriptEngine.java:194)
	at com.kms.katalon.core.main.ScriptEngine.runScriptAsRawText(ScriptEngine.java:119)
	at com.kms.katalon.core.main.TestCaseExecutor.runScript(TestCaseExecutor.java:321)
	at com.kms.katalon.core.main.TestCaseExecutor.doExecute(TestCaseExecutor.java:312)
	at com.kms.katalon.core.main.TestCaseExecutor.processExecutionPhase(TestCaseExecutor.java:291)
	at com.kms.katalon.core.main.TestCaseExecutor.accessMainPhase(TestCaseExecutor.java:283)
	at com.kms.katalon.core.main.TestCaseExecutor.execute(TestCaseExecutor.java:222)
	at com.kms.katalon.core.main.TestSuiteExecutor.accessTestCaseMainPhase(TestSuiteExecutor.java:129)
	at com.kms.katalon.core.main.TestSuiteExecutor.accessTestSuiteMainPhase(TestSuiteExecutor.java:112)
	at com.kms.katalon.core.main.TestSuiteExecutor.execute(TestSuiteExecutor.java:81)
	at com.kms.katalon.core.main.TestCaseMain.startTestSuite(TestCaseMain.java:149)
	at com.kms.katalon.core.main.TestCaseMain$startTestSuite$0.call(Unknown Source)
	at TempTestSuite1545067892047.run(TempTestSuite1545067892047.groovy:36)]]></system-err>
      </testcase>
      <system-out><![CDATA[2018-12-17 09:31:38 - [TEST_SUITE][FAILED] - TORIS-523 Test Suite: Test Cases/TORIS-523 Test Ship View - Google Chrome - FOM Dashboard export functionality Dev Team role FAILED.
Reason:
com.kms.katalon.core.exception.StepFailedException: Unable to click on object 'Object Repository/TORIS-523 Test Ship View - Google Chrome - FOM Dashboard export functionality Dev Team role/Page_Ship View/span_ANZIO (CG 68)' (Root cause: com.kms.katalon.core.webui.exception.WebElementNotFoundException: Web element with id: 'Object Repository/TORIS-523 Test Ship View - Google Chrome - FOM Dashboard export functionality Dev Team role/Page_Ship View/span_ANZIO (CG 68)' located by 'By.xpath: //span[(text() = 'ANZIO (CG 68)' or . = 'ANZIO (CG 68)')]' not found)
	at com.kms.katalon.core.keyword.internal.KeywordMain.stepFailed(KeywordMain.groovy:36)
	at com.kms.katalon.core.webui.keyword.internal.WebUIKeywordMain.stepFailed(WebUIKeywordMain.groovy:65)
	at com.kms.katalon.core.webui.keyword.internal.WebUIKeywordMain.runKeyword(WebUIKeywordMain.groovy:27)
	at com.kms.katalon.core.webui.keyword.builtin.ClickKeyword.click(ClickKeyword.groovy:86)
	at com.kms.katalon.core.webui.keyword.builtin.ClickKeyword.execute(ClickKeyword.groovy:67)
	at com.kms.katalon.core.keyword.internal.KeywordExecutor.executeKeywordForPlatform(KeywordExecutor.groovy:53)
	at com.kms.katalon.core.webui.keyword.WebUiBuiltInKeywords.click(WebUiBuiltInKeywords.groovy:616)
	at com.kms.katalon.core.webui.keyword.WebUiBuiltInKeywords$click$1.call(Unknown Source)
	at TORIS-523 Test Ship View - Google Chrome - FOM Dashboard export functionality Dev Team role.run(TORIS-523 Test Ship View - Google Chrome - FOM Dashboard export functionality Dev Team role:34)
	at com.kms.katalon.core.main.ScriptEngine.run(ScriptEngine.java:194)
	at com.kms.katalon.core.main.ScriptEngine.runScriptAsRawText(ScriptEngine.java:119)
	at com.kms.katalon.core.main.TestCaseExecutor.runScript(TestCaseExecutor.java:321)
	at com.kms.katalon.core.main.TestCaseExecutor.doExecute(TestCaseExecutor.java:312)
	at com.kms.katalon.core.main.TestCaseExecutor.processExecutionPhase(TestCaseExecutor.java:291)
	at com.kms.katalon.core.main.TestCaseExecutor.accessMainPhase(TestCaseExecutor.java:283)
	at com.kms.katalon.core.main.TestCaseExecutor.execute(TestCaseExecutor.java:222)
	at com.kms.katalon.core.main.TestSuiteExecutor.accessTestCaseMainPhase(TestSuiteExecutor.java:129)
	at com.kms.katalon.core.main.TestSuiteExecutor.accessTestSuiteMainPhase(TestSuiteExecutor.java:112)
	at com.kms.katalon.core.main.TestSuiteExecutor.execute(TestSuiteExecutor.java:81)
	at com.kms.katalon.core.main.TestCaseMain.startTestSuite(TestCaseMain.java:149)
	at com.kms.katalon.core.main.TestCaseMain$startTestSuite$0.call(Unknown Source)
	at TempTestSuite1545067892047.run(TempTestSuite1545067892047.groovy:36)]]></system-out>
      <system-err><![CDATA[2018-12-17 09:31:38 - [TEST_SUITE][FAILED] - TORIS-523 Test Suite: Test Cases/TORIS-523 Test Ship View - Google Chrome - FOM Dashboard export functionality Dev Team role FAILED.
Reason:
com.kms.katalon.core.exception.StepFailedException: Unable to click on object 'Object Repository/TORIS-523 Test Ship View - Google Chrome - FOM Dashboard export functionality Dev Team role/Page_Ship View/span_ANZIO (CG 68)' (Root cause: com.kms.katalon.core.webui.exception.WebElementNotFoundException: Web element with id: 'Object Repository/TORIS-523 Test Ship View - Google Chrome - FOM Dashboard export functionality Dev Team role/Page_Ship View/span_ANZIO (CG 68)' located by 'By.xpath: //span[(text() = 'ANZIO (CG 68)' or . = 'ANZIO (CG 68)')]' not found)
	at com.kms.katalon.core.keyword.internal.KeywordMain.stepFailed(KeywordMain.groovy:36)
	at com.kms.katalon.core.webui.keyword.internal.WebUIKeywordMain.stepFailed(WebUIKeywordMain.groovy:65)
	at com.kms.katalon.core.webui.keyword.internal.WebUIKeywordMain.runKeyword(WebUIKeywordMain.groovy:27)
	at com.kms.katalon.core.webui.keyword.builtin.ClickKeyword.click(ClickKeyword.groovy:86)
	at com.kms.katalon.core.webui.keyword.builtin.ClickKeyword.execute(ClickKeyword.groovy:67)
	at com.kms.katalon.core.keyword.internal.KeywordExecutor.executeKeywordForPlatform(KeywordExecutor.groovy:53)
	at com.kms.katalon.core.webui.keyword.WebUiBuiltInKeywords.click(WebUiBuiltInKeywords.groovy:616)
	at com.kms.katalon.core.webui.keyword.WebUiBuiltInKeywords$click$1.call(Unknown Source)
	at TORIS-523 Test Ship View - Google Chrome - FOM Dashboard export functionality Dev Team role.run(TORIS-523 Test Ship View - Google Chrome - FOM Dashboard export functionality Dev Team role:34)
	at com.kms.katalon.core.main.ScriptEngine.run(ScriptEngine.java:194)
	at com.kms.katalon.core.main.ScriptEngine.runScriptAsRawText(ScriptEngine.java:119)
	at com.kms.katalon.core.main.TestCaseExecutor.runScript(TestCaseExecutor.java:321)
	at com.kms.katalon.core.main.TestCaseExecutor.doExecute(TestCaseExecutor.java:312)
	at com.kms.katalon.core.main.TestCaseExecutor.processExecutionPhase(TestCaseExecutor.java:291)
	at com.kms.katalon.core.main.TestCaseExecutor.accessMainPhase(TestCaseExecutor.java:283)
	at com.kms.katalon.core.main.TestCaseExecutor.execute(TestCaseExecutor.java:222)
	at com.kms.katalon.core.main.TestSuiteExecutor.accessTestCaseMainPhase(TestSuiteExecutor.java:129)
	at com.kms.katalon.core.main.TestSuiteExecutor.accessTestSuiteMainPhase(TestSuiteExecutor.java:112)
	at com.kms.katalon.core.main.TestSuiteExecutor.execute(TestSuiteExecutor.java:81)
	at com.kms.katalon.core.main.TestCaseMain.startTestSuite(TestCaseMain.java:149)
	at com.kms.katalon.core.main.TestCaseMain$startTestSuite$0.call(Unknown Source)
	at TempTestSuite1545067892047.run(TempTestSuite1545067892047.groovy:36)]]></system-err>
   </testsuite>
</testsuites>
