<?xml version="1.0" encoding="UTF-8"?>
<testsuites name="TORIS-449 Test Suite" time="104" tests="0" failures="1" errors="0">
   <testsuite name="TORIS-449 Test Suite" tests="0" failures="1" errors="0" time="104" timestamp="2018-12-07 10:58:54" hostname="Saa - Lebbie-PC" id="Test Suites/TORIS-449 Test Suite">
      <properties>
         <property name="deviceName" value=""/>
         <property name="devicePlatform" value=""/>
         <property name="logFolder" value="C:\\Users\\Saa\\Katalon Studio\\ShipView\\Reports\\TORIS-449 Test Suite\\20181207_105744"/>
         <property name="logFiles" value="C:\\Users\\Saa\\Katalon Studio\\ShipView\\Reports\\TORIS-449 Test Suite\\20181207_105744\\execution0.log, C:\\Users\\Saa\\Katalon Studio\\ShipView\\Reports\\TORIS-449 Test Suite\\20181207_105744\\IEDriverServer.log"/>
         <property name="attachments" value="C:\\Users\\Saa\\Katalon Studio\\ShipView\\Reports\\TORIS-449 Test Suite\\20181207_105744\\1544209238513.png, C:\\Users\\Saa\\Katalon Studio\\ShipView\\Reports\\TORIS-449 Test Suite\\20181207_105744\\1544209238846.png"/>
         <property name="hostName" value="Saa - Lebbie-PC"/>
         <property name="os" value="Windows 10 64bit"/>
         <property name="katalonVersion" value="5.9.1.2"/>
         <property name="browser" value="IE 11"/>
         <property name="hostAddress" value="10.0.75.1"/>
         <property name="sessionId" value="2ef18895-7c67-4030-bcfb-632d18388344"/>
         <property name="seleniumVersion" value="3.7.1"/>
         <property name="proxyInformation" value="ProxyInformation{proxyOption=NO_PROXY, proxyServerType=HTTP, password=, proxyServerAddress=, proxyServerPort=0}"/>
         <property name="platform" value="Windows 10"/>
      </properties>
      <testcase name="Test Cases/TORIS-449 RE Expiration Tracker Ship filter functionality" classname="Test Cases/TORIS-449 RE Expiration Tracker Ship filter functionality" status="FAILED">
         <failure type="FAILED" message="Test Cases/TORIS-449 RE Expiration Tracker Ship filter functionality FAILED.
Reason:
com.kms.katalon.core.exception.StepFailedException: Verify element text of test object 'Object Repository/TORIS-449 RE Expiration Tracker Ship filter functionality/Page_Ship View/Page_Ship View/strong_MA EXER' FAILED. (Root cause: com.kms.katalon.core.exception.StepFailedException: com.kms.katalon.core.webui.exception.WebElementNotFoundException: Web element with id: 'Object Repository/TORIS-449 RE Expiration Tracker Ship filter functionality/Page_Ship View/Page_Ship View/strong_MA EXER' located by 'By.xpath: //strong[(text() = 'MA /EXER' or . = 'MA /EXER')]' not found)
	at com.kms.katalon.core.keyword.internal.KeywordMain.stepFailed(KeywordMain.groovy:36)
	at com.kms.katalon.core.webui.keyword.internal.WebUIKeywordMain.stepFailed(WebUIKeywordMain.groovy:65)
	at com.kms.katalon.core.webui.keyword.internal.WebUIKeywordMain.runKeyword(WebUIKeywordMain.groovy:27)
	at com.kms.katalon.core.webui.keyword.builtin.VerifyElementTextKeyword.verifyElementText(VerifyElementTextKeyword.groovy:72)
	at com.kms.katalon.core.webui.keyword.builtin.VerifyElementTextKeyword.execute(VerifyElementTextKeyword.groovy:40)
	at com.kms.katalon.core.keyword.internal.KeywordExecutor.executeKeywordForPlatform(KeywordExecutor.groovy:53)
	at com.kms.katalon.core.webui.keyword.WebUiBuiltInKeywords.verifyElementText(WebUiBuiltInKeywords.groovy:3663)
	at com.kms.katalon.core.webui.keyword.WebUiBuiltInKeywords$verifyElementText$5.call(Unknown Source)
	at TORIS-449 RE Expiration Tracker Ship filter functionality.run(TORIS-449 RE Expiration Tracker Ship filter functionality:64)
	at com.kms.katalon.core.main.ScriptEngine.run(ScriptEngine.java:194)
	at com.kms.katalon.core.main.ScriptEngine.runScriptAsRawText(ScriptEngine.java:119)
	at com.kms.katalon.core.main.TestCaseExecutor.runScript(TestCaseExecutor.java:321)
	at com.kms.katalon.core.main.TestCaseExecutor.doExecute(TestCaseExecutor.java:312)
	at com.kms.katalon.core.main.TestCaseExecutor.processExecutionPhase(TestCaseExecutor.java:291)
	at com.kms.katalon.core.main.TestCaseExecutor.accessMainPhase(TestCaseExecutor.java:283)
	at com.kms.katalon.core.main.TestCaseExecutor.execute(TestCaseExecutor.java:222)
	at com.kms.katalon.core.main.TestSuiteExecutor.accessTestCaseMainPhase(TestSuiteExecutor.java:129)
	at com.kms.katalon.core.main.TestSuiteExecutor.accessTestSuiteMainPhase(TestSuiteExecutor.java:112)
	at com.kms.katalon.core.main.TestSuiteExecutor.execute(TestSuiteExecutor.java:81)
	at com.kms.katalon.core.main.TestCaseMain.startTestSuite(TestCaseMain.java:149)
	at com.kms.katalon.core.main.TestCaseMain$startTestSuite$0.call(Unknown Source)
	at TempTestSuite1544209064254.run(TempTestSuite1544209064254.groovy:36)
"/>
         <system-out><![CDATA[2018-12-07 10:58:55 - [TEST_CASE][FAILED] - Test Cases/TORIS-449 RE Expiration Tracker Ship filter functionality: Test Cases/TORIS-449 RE Expiration Tracker Ship filter functionality FAILED.
Reason:
com.kms.katalon.core.exception.StepFailedException: Verify element text of test object 'Object Repository/TORIS-449 RE Expiration Tracker Ship filter functionality/Page_Ship View/Page_Ship View/strong_MA EXER' FAILED. (Root cause: com.kms.katalon.core.exception.StepFailedException: com.kms.katalon.core.webui.exception.WebElementNotFoundException: Web element with id: 'Object Repository/TORIS-449 RE Expiration Tracker Ship filter functionality/Page_Ship View/Page_Ship View/strong_MA EXER' located by 'By.xpath: //strong[(text() = 'MA /EXER' or . = 'MA /EXER')]' not found)
	at com.kms.katalon.core.keyword.internal.KeywordMain.stepFailed(KeywordMain.groovy:36)
	at com.kms.katalon.core.webui.keyword.internal.WebUIKeywordMain.stepFailed(WebUIKeywordMain.groovy:65)
	at com.kms.katalon.core.webui.keyword.internal.WebUIKeywordMain.runKeyword(WebUIKeywordMain.groovy:27)
	at com.kms.katalon.core.webui.keyword.builtin.VerifyElementTextKeyword.verifyElementText(VerifyElementTextKeyword.groovy:72)
	at com.kms.katalon.core.webui.keyword.builtin.VerifyElementTextKeyword.execute(VerifyElementTextKeyword.groovy:40)
	at com.kms.katalon.core.keyword.internal.KeywordExecutor.executeKeywordForPlatform(KeywordExecutor.groovy:53)
	at com.kms.katalon.core.webui.keyword.WebUiBuiltInKeywords.verifyElementText(WebUiBuiltInKeywords.groovy:3663)
	at com.kms.katalon.core.webui.keyword.WebUiBuiltInKeywords$verifyElementText$5.call(Unknown Source)
	at TORIS-449 RE Expiration Tracker Ship filter functionality.run(TORIS-449 RE Expiration Tracker Ship filter functionality:64)
	at com.kms.katalon.core.main.ScriptEngine.run(ScriptEngine.java:194)
	at com.kms.katalon.core.main.ScriptEngine.runScriptAsRawText(ScriptEngine.java:119)
	at com.kms.katalon.core.main.TestCaseExecutor.runScript(TestCaseExecutor.java:321)
	at com.kms.katalon.core.main.TestCaseExecutor.doExecute(TestCaseExecutor.java:312)
	at com.kms.katalon.core.main.TestCaseExecutor.processExecutionPhase(TestCaseExecutor.java:291)
	at com.kms.katalon.core.main.TestCaseExecutor.accessMainPhase(TestCaseExecutor.java:283)
	at com.kms.katalon.core.main.TestCaseExecutor.execute(TestCaseExecutor.java:222)
	at com.kms.katalon.core.main.TestSuiteExecutor.accessTestCaseMainPhase(TestSuiteExecutor.java:129)
	at com.kms.katalon.core.main.TestSuiteExecutor.accessTestSuiteMainPhase(TestSuiteExecutor.java:112)
	at com.kms.katalon.core.main.TestSuiteExecutor.execute(TestSuiteExecutor.java:81)
	at com.kms.katalon.core.main.TestCaseMain.startTestSuite(TestCaseMain.java:149)
	at com.kms.katalon.core.main.TestCaseMain$startTestSuite$0.call(Unknown Source)
	at TempTestSuite1544209064254.run(TempTestSuite1544209064254.groovy:36)


2018-12-07 10:58:55 - [TEST_STEP][PASSED] - openBrowser(""): Browser is opened with url: ''

2018-12-07 10:58:55 - [MESSAGE][INFO] - Starting 'IE' driver

2018-12-07 10:58:55 - [MESSAGE][INFO] - Action delay is set to 0 seconds

2018-12-07 10:58:59 - [MESSAGE][PASSED] - Browser is opened with url: ''

2018-12-07 10:58:59 - [TEST_STEP][PASSED] - navigateToUrl("https://toris-demo.solute.us/Extranet/default.aspx?MSG=200"): Navigate to 'https://toris-demo.solute.us/Extranet/default.aspx?MSG=200' successfully

2018-12-07 10:59:00 - [MESSAGE][PASSED] - Navigate to 'https://toris-demo.solute.us/Extranet/default.aspx?MSG=200' successfully

2018-12-07 10:59:00 - [TEST_STEP][PASSED] - click(findTestObject("TORIS-449 RE Expiration Tracker Ship filter functionality/Page_ATG Extranet/input_Your session has expired")): Object: 'Object Repository/TORIS-449 RE Expiration Tracker Ship filter functionality/Page_ATG Extranet/input_Your session has expired' is clicked on

2018-12-07 10:59:03 - [MESSAGE][PASSED] - Object: 'Object Repository/TORIS-449 RE Expiration Tracker Ship filter functionality/Page_ATG Extranet/input_Your session has expired' is clicked on

2018-12-07 10:59:03 - [TEST_STEP][PASSED] - setText(findTestObject("TORIS-449 RE Expiration Tracker Ship filter functionality/Page_ATG Extranet/input_Username_ctl00cphtbx_use"), "Saa"): Text 'Saa' is set on object 'Object Repository/TORIS-449 RE Expiration Tracker Ship filter functionality/Page_ATG Extranet/input_Username_ctl00cphtbx_use'

2018-12-07 10:59:04 - [MESSAGE][PASSED] - Text 'Saa' is set on object 'Object Repository/TORIS-449 RE Expiration Tracker Ship filter functionality/Page_ATG Extranet/input_Username_ctl00cphtbx_use'

2018-12-07 10:59:04 - [TEST_STEP][PASSED] - setEncryptedText(findTestObject("TORIS-449 RE Expiration Tracker Ship filter functionality/Page_ATG Extranet/input_Password_ctl00cphtbx_pas"), "0cU2R0tWEjl49ICU6OTr2A=="): Text ****** has been set on object 'Object Repository/TORIS-449 RE Expiration Tracker Ship filter functionality/Page_ATG Extranet/input_Password_ctl00cphtbx_pas'

2018-12-07 10:59:05 - [MESSAGE][PASSED] - Text ****** has been set on object 'Object Repository/TORIS-449 RE Expiration Tracker Ship filter functionality/Page_ATG Extranet/input_Password_ctl00cphtbx_pas'

2018-12-07 10:59:05 - [TEST_STEP][PASSED] - click(findTestObject("TORIS-449 RE Expiration Tracker Ship filter functionality/Page_ATG Extranet/input_By entering the requeste")): Object: 'Object Repository/TORIS-449 RE Expiration Tracker Ship filter functionality/Page_ATG Extranet/input_By entering the requeste' is clicked on

2018-12-07 10:59:09 - [MESSAGE][PASSED] - Object: 'Object Repository/TORIS-449 RE Expiration Tracker Ship filter functionality/Page_ATG Extranet/input_By entering the requeste' is clicked on

2018-12-07 10:59:09 - [TEST_STEP][PASSED] - click(findTestObject("TORIS-449 RE Expiration Tracker Ship filter functionality/Page_ATG Extranet/a_Ship View")): Object: 'Object Repository/TORIS-449 RE Expiration Tracker Ship filter functionality/Page_ATG Extranet/a_Ship View' is clicked on

2018-12-07 10:59:10 - [MESSAGE][PASSED] - Object: 'Object Repository/TORIS-449 RE Expiration Tracker Ship filter functionality/Page_ATG Extranet/a_Ship View' is clicked on

2018-12-07 10:59:10 - [TEST_STEP][PASSED] - click(findTestObject("TORIS-449 RE Expiration Tracker Ship filter functionality/Page_Ship View/a_RE Expiration Tracker")): Object: 'Object Repository/TORIS-449 RE Expiration Tracker Ship filter functionality/Page_Ship View/a_RE Expiration Tracker' is clicked on

2018-12-07 10:59:13 - [MESSAGE][PASSED] - Object: 'Object Repository/TORIS-449 RE Expiration Tracker Ship filter functionality/Page_Ship View/a_RE Expiration Tracker' is clicked on

2018-12-07 10:59:13 - [TEST_STEP][PASSED] - click(findTestObject("TORIS-449 RE Expiration Tracker Ship filter functionality/Page_Ship View/div_ESSEX (LHD 2)Ship")): Object: 'Object Repository/TORIS-449 RE Expiration Tracker Ship filter functionality/Page_Ship View/div_ESSEX (LHD 2)Ship' is clicked on

2018-12-07 10:59:18 - [MESSAGE][PASSED] - Object: 'Object Repository/TORIS-449 RE Expiration Tracker Ship filter functionality/Page_Ship View/div_ESSEX (LHD 2)Ship' is clicked on

2018-12-07 10:59:18 - [TEST_STEP][PASSED] - delay(5): Delayed 5 second(s)

2018-12-07 10:59:23 - [MESSAGE][PASSED] - Delayed 5 second(s)

2018-12-07 10:59:23 - [TEST_STEP][PASSED] - sendKeys(findTestObject(null), "a"): Keys 'a' sent to object: 'tempBody'

2018-12-07 10:59:23 - [MESSAGE][WARNING] - Test object id is null

2018-12-07 10:59:23 - [MESSAGE][WARNING] - Test object with id 'Object Repository/' does not exist

2018-12-07 10:59:24 - [MESSAGE][PASSED] - Keys 'a' sent to object: 'tempBody'

2018-12-07 10:59:24 - [TEST_STEP][PASSED] - click(findTestObject("TORIS-449 RE Expiration Tracker Ship filter functionality/Page_Ship View/span_ANZIO (CG 68)")): Object: 'Object Repository/TORIS-449 RE Expiration Tracker Ship filter functionality/Page_Ship View/span_ANZIO (CG 68)' is clicked on

2018-12-07 10:59:26 - [MESSAGE][PASSED] - Object: 'Object Repository/TORIS-449 RE Expiration Tracker Ship filter functionality/Page_Ship View/span_ANZIO (CG 68)' is clicked on

2018-12-07 10:59:26 - [TEST_STEP][PASSED] - click(findTestObject("TORIS-449 RE Expiration Tracker Ship filter functionality/Page_Ship View/div_ANZIO (CG 68)Ship")): Object: 'Object Repository/TORIS-449 RE Expiration Tracker Ship filter functionality/Page_Ship View/div_ANZIO (CG 68)Ship' is clicked on

2018-12-07 10:59:27 - [MESSAGE][PASSED] - Object: 'Object Repository/TORIS-449 RE Expiration Tracker Ship filter functionality/Page_Ship View/div_ANZIO (CG 68)Ship' is clicked on

2018-12-07 10:59:27 - [TEST_STEP][PASSED] - click(findTestObject("TORIS-449 RE Expiration Tracker Ship filter functionality/Page_Ship View/span_ARLEIGH BURKE (DDG 51)")): Object: 'Object Repository/TORIS-449 RE Expiration Tracker Ship filter functionality/Page_Ship View/span_ARLEIGH BURKE (DDG 51)' is clicked on

2018-12-07 10:59:29 - [MESSAGE][PASSED] - Object: 'Object Repository/TORIS-449 RE Expiration Tracker Ship filter functionality/Page_Ship View/span_ARLEIGH BURKE (DDG 51)' is clicked on

2018-12-07 10:59:29 - [TEST_STEP][PASSED] - click(findTestObject("TORIS-449 RE Expiration Tracker Ship filter functionality/Page_Ship View/div_ARLEIGH BURKE (DDG 51)Ship")): Object: 'Object Repository/TORIS-449 RE Expiration Tracker Ship filter functionality/Page_Ship View/div_ARLEIGH BURKE (DDG 51)Ship' is clicked on

2018-12-07 10:59:30 - [MESSAGE][PASSED] - Object: 'Object Repository/TORIS-449 RE Expiration Tracker Ship filter functionality/Page_Ship View/div_ARLEIGH BURKE (DDG 51)Ship' is clicked on

2018-12-07 10:59:30 - [TEST_STEP][PASSED] - click(findTestObject("TORIS-449 RE Expiration Tracker Ship filter functionality/Page_Ship View/span_ARLINGTON (LPD 24)")): Object: 'Object Repository/TORIS-449 RE Expiration Tracker Ship filter functionality/Page_Ship View/span_ARLINGTON (LPD 24)' is clicked on

2018-12-07 10:59:32 - [MESSAGE][PASSED] - Object: 'Object Repository/TORIS-449 RE Expiration Tracker Ship filter functionality/Page_Ship View/span_ARLINGTON (LPD 24)' is clicked on

2018-12-07 10:59:32 - [TEST_STEP][PASSED] - click(findTestObject("TORIS-449 RE Expiration Tracker Ship filter functionality/Page_Ship View/div_ARLINGTON (LPD 24)Ship")): Object: 'Object Repository/TORIS-449 RE Expiration Tracker Ship filter functionality/Page_Ship View/div_ARLINGTON (LPD 24)Ship' is clicked on

2018-12-07 10:59:34 - [MESSAGE][PASSED] - Object: 'Object Repository/TORIS-449 RE Expiration Tracker Ship filter functionality/Page_Ship View/div_ARLINGTON (LPD 24)Ship' is clicked on

2018-12-07 10:59:34 - [TEST_STEP][PASSED] - sendKeys(findTestObject(null), "m"): Keys 'm' sent to object: 'tempBody'

2018-12-07 10:59:34 - [MESSAGE][WARNING] - Test object id is null

2018-12-07 10:59:34 - [MESSAGE][WARNING] - Test object with id 'Object Repository/' does not exist

2018-12-07 10:59:35 - [MESSAGE][PASSED] - Keys 'm' sent to object: 'tempBody'

2018-12-07 10:59:35 - [TEST_STEP][PASSED] - click(findTestObject("TORIS-449 RE Expiration Tracker Ship filter functionality/Page_Ship View/span_MAHAN (DDG 72)")): Object: 'Object Repository/TORIS-449 RE Expiration Tracker Ship filter functionality/Page_Ship View/span_MAHAN (DDG 72)' is clicked on

2018-12-07 10:59:36 - [MESSAGE][PASSED] - Object: 'Object Repository/TORIS-449 RE Expiration Tracker Ship filter functionality/Page_Ship View/span_MAHAN (DDG 72)' is clicked on

2018-12-07 10:59:36 - [TEST_STEP][PASSED] - click(findTestObject("TORIS-449 RE Expiration Tracker Ship filter functionality/Page_Ship View/div_MAHAN (DDG 72)Ship")): Object: 'Object Repository/TORIS-449 RE Expiration Tracker Ship filter functionality/Page_Ship View/div_MAHAN (DDG 72)Ship' is clicked on

2018-12-07 10:59:38 - [MESSAGE][PASSED] - Object: 'Object Repository/TORIS-449 RE Expiration Tracker Ship filter functionality/Page_Ship View/div_MAHAN (DDG 72)Ship' is clicked on

2018-12-07 10:59:38 - [TEST_STEP][PASSED] - click(findTestObject("TORIS-449 RE Expiration Tracker Ship filter functionality/Page_Ship View/span_MAKIN ISLAND (LHD 8)")): Object: 'Object Repository/TORIS-449 RE Expiration Tracker Ship filter functionality/Page_Ship View/span_MAKIN ISLAND (LHD 8)' is clicked on

2018-12-07 10:59:39 - [MESSAGE][PASSED] - Object: 'Object Repository/TORIS-449 RE Expiration Tracker Ship filter functionality/Page_Ship View/span_MAKIN ISLAND (LHD 8)' is clicked on

2018-12-07 10:59:39 - [TEST_STEP][PASSED] - click(findTestObject("TORIS-449 RE Expiration Tracker Ship filter functionality/Page_Ship View/div_MAKIN ISLAND (LHD 8)Ship")): Object: 'Object Repository/TORIS-449 RE Expiration Tracker Ship filter functionality/Page_Ship View/div_MAKIN ISLAND (LHD 8)Ship' is clicked on

2018-12-07 10:59:41 - [MESSAGE][PASSED] - Object: 'Object Repository/TORIS-449 RE Expiration Tracker Ship filter functionality/Page_Ship View/div_MAKIN ISLAND (LHD 8)Ship' is clicked on

2018-12-07 10:59:41 - [TEST_STEP][PASSED] - click(findTestObject("TORIS-449 RE Expiration Tracker Ship filter functionality/Page_Ship View/span_MASON (DDG 87)")): Object: 'Object Repository/TORIS-449 RE Expiration Tracker Ship filter functionality/Page_Ship View/span_MASON (DDG 87)' is clicked on

2018-12-07 10:59:43 - [MESSAGE][PASSED] - Object: 'Object Repository/TORIS-449 RE Expiration Tracker Ship filter functionality/Page_Ship View/span_MASON (DDG 87)' is clicked on

2018-12-07 10:59:43 - [TEST_STEP][FAILED] - verifyElementText(findTestObject("TORIS-449 RE Expiration Tracker Ship filter functionality/Page_Ship View/Page_Ship View/strong_MA EXER"), "MA /EXER"): verifyElementText(findTestObject("TORIS-449 RE Expiration Tracker Ship filter functionality/Page_Ship View/Page_Ship View/strong_MA EXER"), "MA /EXER") FAILED.
Reason:
com.kms.katalon.core.exception.StepFailedException: Verify element text of test object 'Object Repository/TORIS-449 RE Expiration Tracker Ship filter functionality/Page_Ship View/Page_Ship View/strong_MA EXER' FAILED. (Root cause: com.kms.katalon.core.exception.StepFailedException: com.kms.katalon.core.webui.exception.WebElementNotFoundException: Web element with id: 'Object Repository/TORIS-449 RE Expiration Tracker Ship filter functionality/Page_Ship View/Page_Ship View/strong_MA EXER' located by 'By.xpath: //strong[(text() = 'MA /EXER' or . = 'MA /EXER')]' not found)
	at com.kms.katalon.core.keyword.internal.KeywordMain.stepFailed(KeywordMain.groovy:36)
	at com.kms.katalon.core.webui.keyword.internal.WebUIKeywordMain.stepFailed(WebUIKeywordMain.groovy:65)
	at com.kms.katalon.core.webui.keyword.internal.WebUIKeywordMain.runKeyword(WebUIKeywordMain.groovy:27)
	at com.kms.katalon.core.webui.keyword.builtin.VerifyElementTextKeyword.verifyElementText(VerifyElementTextKeyword.groovy:72)
	at com.kms.katalon.core.webui.keyword.builtin.VerifyElementTextKeyword.execute(VerifyElementTextKeyword.groovy:40)
	at com.kms.katalon.core.keyword.internal.KeywordExecutor.executeKeywordForPlatform(KeywordExecutor.groovy:53)
	at com.kms.katalon.core.webui.keyword.WebUiBuiltInKeywords.verifyElementText(WebUiBuiltInKeywords.groovy:3663)
	at com.kms.katalon.core.webui.keyword.WebUiBuiltInKeywords$verifyElementText$5.call(Unknown Source)
	at TORIS-449 RE Expiration Tracker Ship filter functionality.run(TORIS-449 RE Expiration Tracker Ship filter functionality:64)
	at com.kms.katalon.core.main.ScriptEngine.run(ScriptEngine.java:194)
	at com.kms.katalon.core.main.ScriptEngine.runScriptAsRawText(ScriptEngine.java:119)
	at com.kms.katalon.core.main.TestCaseExecutor.runScript(TestCaseExecutor.java:321)
	at com.kms.katalon.core.main.TestCaseExecutor.doExecute(TestCaseExecutor.java:312)
	at com.kms.katalon.core.main.TestCaseExecutor.processExecutionPhase(TestCaseExecutor.java:291)
	at com.kms.katalon.core.main.TestCaseExecutor.accessMainPhase(TestCaseExecutor.java:283)
	at com.kms.katalon.core.main.TestCaseExecutor.execute(TestCaseExecutor.java:222)
	at com.kms.katalon.core.main.TestSuiteExecutor.accessTestCaseMainPhase(TestSuiteExecutor.java:129)
	at com.kms.katalon.core.main.TestSuiteExecutor.accessTestSuiteMainPhase(TestSuiteExecutor.java:112)
	at com.kms.katalon.core.main.TestSuiteExecutor.execute(TestSuiteExecutor.java:81)
	at com.kms.katalon.core.main.TestCaseMain.startTestSuite(TestCaseMain.java:149)
	at com.kms.katalon.core.main.TestCaseMain$startTestSuite$0.call(Unknown Source)
	at TempTestSuite1544209064254.run(TempTestSuite1544209064254.groovy:36)


2018-12-07 11:00:38 - [MESSAGE][INFO] - Unable to find the element located by 'By.xpath: //strong[(text() = 'MA /EXER' or . = 'MA /EXER')]'. Please recheck the objects properties to make sure the desired element is located. 

2018-12-07 11:00:38 - [MESSAGE][FAILED] - com.kms.katalon.core.webui.exception.WebElementNotFoundException: Web element with id: 'Object Repository/TORIS-449 RE Expiration Tracker Ship filter functionality/Page_Ship View/Page_Ship View/strong_MA EXER' located by 'By.xpath: //strong[(text() = 'MA /EXER' or . = 'MA /EXER')]' not found
[[ATTACHMENT|C:\\Users\\Saa\\Katalon Studio\\ShipView\\Reports\\TORIS-449 Test Suite\\20181207_105744\\1544209238513.png]]

2018-12-07 11:00:39 - [MESSAGE][FAILED] - Verify element text of test object 'Object Repository/TORIS-449 RE Expiration Tracker Ship filter functionality/Page_Ship View/Page_Ship View/strong_MA EXER' FAILED. (Root cause: com.kms.katalon.core.exception.StepFailedException: com.kms.katalon.core.webui.exception.WebElementNotFoundException: Web element with id: 'Object Repository/TORIS-449 RE Expiration Tracker Ship filter functionality/Page_Ship View/Page_Ship View/strong_MA EXER' located by 'By.xpath: //strong[(text() = 'MA /EXER' or . = 'MA /EXER')]' not found)
[[ATTACHMENT|C:\\Users\\Saa\\Katalon Studio\\ShipView\\Reports\\TORIS-449 Test Suite\\20181207_105744\\1544209238846.png]]

2018-12-07 11:00:39 - [MESSAGE][FAILED] - verifyElementText(findTestObject("TORIS-449 RE Expiration Tracker Ship filter functionality/Page_Ship View/Page_Ship View/strong_MA EXER"), "MA /EXER") FAILED.
Reason:
com.kms.katalon.core.exception.StepFailedException: Verify element text of test object 'Object Repository/TORIS-449 RE Expiration Tracker Ship filter functionality/Page_Ship View/Page_Ship View/strong_MA EXER' FAILED. (Root cause: com.kms.katalon.core.exception.StepFailedException: com.kms.katalon.core.webui.exception.WebElementNotFoundException: Web element with id: 'Object Repository/TORIS-449 RE Expiration Tracker Ship filter functionality/Page_Ship View/Page_Ship View/strong_MA EXER' located by 'By.xpath: //strong[(text() = 'MA /EXER' or . = 'MA /EXER')]' not found)
	at com.kms.katalon.core.keyword.internal.KeywordMain.stepFailed(KeywordMain.groovy:36)
	at com.kms.katalon.core.webui.keyword.internal.WebUIKeywordMain.stepFailed(WebUIKeywordMain.groovy:65)
	at com.kms.katalon.core.webui.keyword.internal.WebUIKeywordMain.runKeyword(WebUIKeywordMain.groovy:27)
	at com.kms.katalon.core.webui.keyword.builtin.VerifyElementTextKeyword.verifyElementText(VerifyElementTextKeyword.groovy:72)
	at com.kms.katalon.core.webui.keyword.builtin.VerifyElementTextKeyword.execute(VerifyElementTextKeyword.groovy:40)
	at com.kms.katalon.core.keyword.internal.KeywordExecutor.executeKeywordForPlatform(KeywordExecutor.groovy:53)
	at com.kms.katalon.core.webui.keyword.WebUiBuiltInKeywords.verifyElementText(WebUiBuiltInKeywords.groovy:3663)
	at com.kms.katalon.core.webui.keyword.WebUiBuiltInKeywords$verifyElementText$5.call(Unknown Source)
	at TORIS-449 RE Expiration Tracker Ship filter functionality.run(TORIS-449 RE Expiration Tracker Ship filter functionality:64)
	at com.kms.katalon.core.main.ScriptEngine.run(ScriptEngine.java:194)
	at com.kms.katalon.core.main.ScriptEngine.runScriptAsRawText(ScriptEngine.java:119)
	at com.kms.katalon.core.main.TestCaseExecutor.runScript(TestCaseExecutor.java:321)
	at com.kms.katalon.core.main.TestCaseExecutor.doExecute(TestCaseExecutor.java:312)
	at com.kms.katalon.core.main.TestCaseExecutor.processExecutionPhase(TestCaseExecutor.java:291)
	at com.kms.katalon.core.main.TestCaseExecutor.accessMainPhase(TestCaseExecutor.java:283)
	at com.kms.katalon.core.main.TestCaseExecutor.execute(TestCaseExecutor.java:222)
	at com.kms.katalon.core.main.TestSuiteExecutor.accessTestCaseMainPhase(TestSuiteExecutor.java:129)
	at com.kms.katalon.core.main.TestSuiteExecutor.accessTestSuiteMainPhase(TestSuiteExecutor.java:112)
	at com.kms.katalon.core.main.TestSuiteExecutor.execute(TestSuiteExecutor.java:81)
	at com.kms.katalon.core.main.TestCaseMain.startTestSuite(TestCaseMain.java:149)
	at com.kms.katalon.core.main.TestCaseMain$startTestSuite$0.call(Unknown Source)
	at TempTestSuite1544209064254.run(TempTestSuite1544209064254.groovy:36)]]></system-out>
         <system-err><![CDATA[2018-12-07 10:58:55 - [TEST_CASE][FAILED] - Test Cases/TORIS-449 RE Expiration Tracker Ship filter functionality: Test Cases/TORIS-449 RE Expiration Tracker Ship filter functionality FAILED.
Reason:
com.kms.katalon.core.exception.StepFailedException: Verify element text of test object 'Object Repository/TORIS-449 RE Expiration Tracker Ship filter functionality/Page_Ship View/Page_Ship View/strong_MA EXER' FAILED. (Root cause: com.kms.katalon.core.exception.StepFailedException: com.kms.katalon.core.webui.exception.WebElementNotFoundException: Web element with id: 'Object Repository/TORIS-449 RE Expiration Tracker Ship filter functionality/Page_Ship View/Page_Ship View/strong_MA EXER' located by 'By.xpath: //strong[(text() = 'MA /EXER' or . = 'MA /EXER')]' not found)
	at com.kms.katalon.core.keyword.internal.KeywordMain.stepFailed(KeywordMain.groovy:36)
	at com.kms.katalon.core.webui.keyword.internal.WebUIKeywordMain.stepFailed(WebUIKeywordMain.groovy:65)
	at com.kms.katalon.core.webui.keyword.internal.WebUIKeywordMain.runKeyword(WebUIKeywordMain.groovy:27)
	at com.kms.katalon.core.webui.keyword.builtin.VerifyElementTextKeyword.verifyElementText(VerifyElementTextKeyword.groovy:72)
	at com.kms.katalon.core.webui.keyword.builtin.VerifyElementTextKeyword.execute(VerifyElementTextKeyword.groovy:40)
	at com.kms.katalon.core.keyword.internal.KeywordExecutor.executeKeywordForPlatform(KeywordExecutor.groovy:53)
	at com.kms.katalon.core.webui.keyword.WebUiBuiltInKeywords.verifyElementText(WebUiBuiltInKeywords.groovy:3663)
	at com.kms.katalon.core.webui.keyword.WebUiBuiltInKeywords$verifyElementText$5.call(Unknown Source)
	at TORIS-449 RE Expiration Tracker Ship filter functionality.run(TORIS-449 RE Expiration Tracker Ship filter functionality:64)
	at com.kms.katalon.core.main.ScriptEngine.run(ScriptEngine.java:194)
	at com.kms.katalon.core.main.ScriptEngine.runScriptAsRawText(ScriptEngine.java:119)
	at com.kms.katalon.core.main.TestCaseExecutor.runScript(TestCaseExecutor.java:321)
	at com.kms.katalon.core.main.TestCaseExecutor.doExecute(TestCaseExecutor.java:312)
	at com.kms.katalon.core.main.TestCaseExecutor.processExecutionPhase(TestCaseExecutor.java:291)
	at com.kms.katalon.core.main.TestCaseExecutor.accessMainPhase(TestCaseExecutor.java:283)
	at com.kms.katalon.core.main.TestCaseExecutor.execute(TestCaseExecutor.java:222)
	at com.kms.katalon.core.main.TestSuiteExecutor.accessTestCaseMainPhase(TestSuiteExecutor.java:129)
	at com.kms.katalon.core.main.TestSuiteExecutor.accessTestSuiteMainPhase(TestSuiteExecutor.java:112)
	at com.kms.katalon.core.main.TestSuiteExecutor.execute(TestSuiteExecutor.java:81)
	at com.kms.katalon.core.main.TestCaseMain.startTestSuite(TestCaseMain.java:149)
	at com.kms.katalon.core.main.TestCaseMain$startTestSuite$0.call(Unknown Source)
	at TempTestSuite1544209064254.run(TempTestSuite1544209064254.groovy:36)]]></system-err>
      </testcase>
      <system-out><![CDATA[2018-12-07 10:58:54 - [TEST_SUITE][FAILED] - TORIS-449 Test Suite: Test Cases/TORIS-449 RE Expiration Tracker Ship filter functionality FAILED.
Reason:
com.kms.katalon.core.exception.StepFailedException: Verify element text of test object 'Object Repository/TORIS-449 RE Expiration Tracker Ship filter functionality/Page_Ship View/Page_Ship View/strong_MA EXER' FAILED. (Root cause: com.kms.katalon.core.exception.StepFailedException: com.kms.katalon.core.webui.exception.WebElementNotFoundException: Web element with id: 'Object Repository/TORIS-449 RE Expiration Tracker Ship filter functionality/Page_Ship View/Page_Ship View/strong_MA EXER' located by 'By.xpath: //strong[(text() = 'MA /EXER' or . = 'MA /EXER')]' not found)
	at com.kms.katalon.core.keyword.internal.KeywordMain.stepFailed(KeywordMain.groovy:36)
	at com.kms.katalon.core.webui.keyword.internal.WebUIKeywordMain.stepFailed(WebUIKeywordMain.groovy:65)
	at com.kms.katalon.core.webui.keyword.internal.WebUIKeywordMain.runKeyword(WebUIKeywordMain.groovy:27)
	at com.kms.katalon.core.webui.keyword.builtin.VerifyElementTextKeyword.verifyElementText(VerifyElementTextKeyword.groovy:72)
	at com.kms.katalon.core.webui.keyword.builtin.VerifyElementTextKeyword.execute(VerifyElementTextKeyword.groovy:40)
	at com.kms.katalon.core.keyword.internal.KeywordExecutor.executeKeywordForPlatform(KeywordExecutor.groovy:53)
	at com.kms.katalon.core.webui.keyword.WebUiBuiltInKeywords.verifyElementText(WebUiBuiltInKeywords.groovy:3663)
	at com.kms.katalon.core.webui.keyword.WebUiBuiltInKeywords$verifyElementText$5.call(Unknown Source)
	at TORIS-449 RE Expiration Tracker Ship filter functionality.run(TORIS-449 RE Expiration Tracker Ship filter functionality:64)
	at com.kms.katalon.core.main.ScriptEngine.run(ScriptEngine.java:194)
	at com.kms.katalon.core.main.ScriptEngine.runScriptAsRawText(ScriptEngine.java:119)
	at com.kms.katalon.core.main.TestCaseExecutor.runScript(TestCaseExecutor.java:321)
	at com.kms.katalon.core.main.TestCaseExecutor.doExecute(TestCaseExecutor.java:312)
	at com.kms.katalon.core.main.TestCaseExecutor.processExecutionPhase(TestCaseExecutor.java:291)
	at com.kms.katalon.core.main.TestCaseExecutor.accessMainPhase(TestCaseExecutor.java:283)
	at com.kms.katalon.core.main.TestCaseExecutor.execute(TestCaseExecutor.java:222)
	at com.kms.katalon.core.main.TestSuiteExecutor.accessTestCaseMainPhase(TestSuiteExecutor.java:129)
	at com.kms.katalon.core.main.TestSuiteExecutor.accessTestSuiteMainPhase(TestSuiteExecutor.java:112)
	at com.kms.katalon.core.main.TestSuiteExecutor.execute(TestSuiteExecutor.java:81)
	at com.kms.katalon.core.main.TestCaseMain.startTestSuite(TestCaseMain.java:149)
	at com.kms.katalon.core.main.TestCaseMain$startTestSuite$0.call(Unknown Source)
	at TempTestSuite1544209064254.run(TempTestSuite1544209064254.groovy:36)]]></system-out>
      <system-err><![CDATA[2018-12-07 10:58:54 - [TEST_SUITE][FAILED] - TORIS-449 Test Suite: Test Cases/TORIS-449 RE Expiration Tracker Ship filter functionality FAILED.
Reason:
com.kms.katalon.core.exception.StepFailedException: Verify element text of test object 'Object Repository/TORIS-449 RE Expiration Tracker Ship filter functionality/Page_Ship View/Page_Ship View/strong_MA EXER' FAILED. (Root cause: com.kms.katalon.core.exception.StepFailedException: com.kms.katalon.core.webui.exception.WebElementNotFoundException: Web element with id: 'Object Repository/TORIS-449 RE Expiration Tracker Ship filter functionality/Page_Ship View/Page_Ship View/strong_MA EXER' located by 'By.xpath: //strong[(text() = 'MA /EXER' or . = 'MA /EXER')]' not found)
	at com.kms.katalon.core.keyword.internal.KeywordMain.stepFailed(KeywordMain.groovy:36)
	at com.kms.katalon.core.webui.keyword.internal.WebUIKeywordMain.stepFailed(WebUIKeywordMain.groovy:65)
	at com.kms.katalon.core.webui.keyword.internal.WebUIKeywordMain.runKeyword(WebUIKeywordMain.groovy:27)
	at com.kms.katalon.core.webui.keyword.builtin.VerifyElementTextKeyword.verifyElementText(VerifyElementTextKeyword.groovy:72)
	at com.kms.katalon.core.webui.keyword.builtin.VerifyElementTextKeyword.execute(VerifyElementTextKeyword.groovy:40)
	at com.kms.katalon.core.keyword.internal.KeywordExecutor.executeKeywordForPlatform(KeywordExecutor.groovy:53)
	at com.kms.katalon.core.webui.keyword.WebUiBuiltInKeywords.verifyElementText(WebUiBuiltInKeywords.groovy:3663)
	at com.kms.katalon.core.webui.keyword.WebUiBuiltInKeywords$verifyElementText$5.call(Unknown Source)
	at TORIS-449 RE Expiration Tracker Ship filter functionality.run(TORIS-449 RE Expiration Tracker Ship filter functionality:64)
	at com.kms.katalon.core.main.ScriptEngine.run(ScriptEngine.java:194)
	at com.kms.katalon.core.main.ScriptEngine.runScriptAsRawText(ScriptEngine.java:119)
	at com.kms.katalon.core.main.TestCaseExecutor.runScript(TestCaseExecutor.java:321)
	at com.kms.katalon.core.main.TestCaseExecutor.doExecute(TestCaseExecutor.java:312)
	at com.kms.katalon.core.main.TestCaseExecutor.processExecutionPhase(TestCaseExecutor.java:291)
	at com.kms.katalon.core.main.TestCaseExecutor.accessMainPhase(TestCaseExecutor.java:283)
	at com.kms.katalon.core.main.TestCaseExecutor.execute(TestCaseExecutor.java:222)
	at com.kms.katalon.core.main.TestSuiteExecutor.accessTestCaseMainPhase(TestSuiteExecutor.java:129)
	at com.kms.katalon.core.main.TestSuiteExecutor.accessTestSuiteMainPhase(TestSuiteExecutor.java:112)
	at com.kms.katalon.core.main.TestSuiteExecutor.execute(TestSuiteExecutor.java:81)
	at com.kms.katalon.core.main.TestCaseMain.startTestSuite(TestCaseMain.java:149)
	at com.kms.katalon.core.main.TestCaseMain$startTestSuite$0.call(Unknown Source)
	at TempTestSuite1544209064254.run(TempTestSuite1544209064254.groovy:36)]]></system-err>
   </testsuite>
</testsuites>
